Determining if the system is big endian passed with the following output:
Change Dir: /home/snr/Support/Plus-build-codeblocks/vtk-bin/CMakeFiles/CMakeTmp

Run Build Command:/usr/bin/make "cmTryCompileExec4036975791/fast"
make[3]: Entering directory `/home/snr/Support/Plus-build-codeblocks/vtk-bin/CMakeFiles/CMakeTmp'
/usr/bin/make -f CMakeFiles/cmTryCompileExec4036975791.dir/build.make CMakeFiles/cmTryCompileExec4036975791.dir/build
make[4]: Entering directory `/home/snr/Support/Plus-build-codeblocks/vtk-bin/CMakeFiles/CMakeTmp'
/usr/bin/cmake -E cmake_progress_report /home/snr/Support/Plus-build-codeblocks/vtk-bin/CMakeFiles/CMakeTmp/CMakeFiles 1
Building C object CMakeFiles/cmTryCompileExec4036975791.dir/TestEndianess.c.o
/usr/bin/cc    -o CMakeFiles/cmTryCompileExec4036975791.dir/TestEndianess.c.o   -c /home/snr/Support/Plus-build-codeblocks/vtk-bin/CMakeFiles/CMakeTmp/TestEndianess.c
Linking C executable cmTryCompileExec4036975791
/usr/bin/cmake -E cmake_link_script CMakeFiles/cmTryCompileExec4036975791.dir/link.txt --verbose=1
/usr/bin/cc         CMakeFiles/cmTryCompileExec4036975791.dir/TestEndianess.c.o  -o cmTryCompileExec4036975791 -rdynamic 
make[4]: Leaving directory `/home/snr/Support/Plus-build-codeblocks/vtk-bin/CMakeFiles/CMakeTmp'
make[3]: Leaving directory `/home/snr/Support/Plus-build-codeblocks/vtk-bin/CMakeFiles/CMakeTmp'

TestEndianess.c:
/* A 16 bit integer is required. */
typedef unsigned short cmakeint16;

/* On a little endian machine, these 16bit ints will give "THIS IS LITTLE ENDIAN."
   On a big endian machine the characters will be exchanged pairwise. */
const cmakeint16 info_little[] =  {0x4854, 0x5349, 0x4920, 0x2053, 0x494c, 0x5454, 0x454c, 0x4520, 0x444e, 0x4149, 0x2e4e, 0x0000};

/* on a big endian machine, these 16bit ints will give "THIS IS BIG ENDIAN."
   On a little endian machine the characters will be exchanged pairwise. */
const cmakeint16 info_big[] =     {0x5448, 0x4953, 0x2049, 0x5320, 0x4249, 0x4720, 0x454e, 0x4449, 0x414e, 0x2e2e, 0x0000};

#ifdef __CLASSIC_C__
int main(argc, argv) int argc; char *argv[];
#else
int main(int argc, char *argv[])
#endif
{
  int require = 0;
  require += info_little[argc];
  require += info_big[argc];
  (void)argv;
  return require;
}


Determining if the pthread_create exist failed with the following output:
Change Dir: /home/snr/Support/Plus-build-codeblocks/vtk-bin/CMakeFiles/CMakeTmp

Run Build Command:/usr/bin/make "cmTryCompileExec3442101331/fast"
make[3]: Entering directory `/home/snr/Support/Plus-build-codeblocks/vtk-bin/CMakeFiles/CMakeTmp'
/usr/bin/make -f CMakeFiles/cmTryCompileExec3442101331.dir/build.make CMakeFiles/cmTryCompileExec3442101331.dir/build
make[4]: Entering directory `/home/snr/Support/Plus-build-codeblocks/vtk-bin/CMakeFiles/CMakeTmp'
/usr/bin/cmake -E cmake_progress_report /home/snr/Support/Plus-build-codeblocks/vtk-bin/CMakeFiles/CMakeTmp/CMakeFiles 1
Building C object CMakeFiles/cmTryCompileExec3442101331.dir/CheckSymbolExists.c.o
/usr/bin/cc    -o CMakeFiles/cmTryCompileExec3442101331.dir/CheckSymbolExists.c.o   -c /home/snr/Support/Plus-build-codeblocks/vtk-bin/CMakeFiles/CMakeTmp/CheckSymbolExists.c
Linking C executable cmTryCompileExec3442101331
/usr/bin/cmake -E cmake_link_script CMakeFiles/cmTryCompileExec3442101331.dir/link.txt --verbose=1
/usr/bin/cc         CMakeFiles/cmTryCompileExec3442101331.dir/CheckSymbolExists.c.o  -o cmTryCompileExec3442101331 -rdynamic 
CMakeFiles/cmTryCompileExec3442101331.dir/CheckSymbolExists.c.o: In function `main':
CheckSymbolExists.c:(.text+0x16): undefined reference to `pthread_create'
collect2: error: ld returned 1 exit status
make[4]: Leaving directory `/home/snr/Support/Plus-build-codeblocks/vtk-bin/CMakeFiles/CMakeTmp'
make[4]: *** [cmTryCompileExec3442101331] Error 1
make[3]: *** [cmTryCompileExec3442101331/fast] Error 2
make[3]: Leaving directory `/home/snr/Support/Plus-build-codeblocks/vtk-bin/CMakeFiles/CMakeTmp'

File /home/snr/Support/Plus-build-codeblocks/vtk-bin/CMakeFiles/CMakeTmp/CheckSymbolExists.c:
/* */
#include <pthread.h>

int main(int argc, char** argv)
{
  (void)argv;
#ifndef pthread_create
  return ((int*)(&pthread_create))[argc];
#else
  (void)argc;
  return 0;
#endif
}

Determining if the function pthread_create exists in the pthreads failed with the following output:
Change Dir: /home/snr/Support/Plus-build-codeblocks/vtk-bin/CMakeFiles/CMakeTmp

Run Build Command:/usr/bin/make "cmTryCompileExec1254460463/fast"
make[3]: Entering directory `/home/snr/Support/Plus-build-codeblocks/vtk-bin/CMakeFiles/CMakeTmp'
/usr/bin/make -f CMakeFiles/cmTryCompileExec1254460463.dir/build.make CMakeFiles/cmTryCompileExec1254460463.dir/build
make[4]: Entering directory `/home/snr/Support/Plus-build-codeblocks/vtk-bin/CMakeFiles/CMakeTmp'
/usr/bin/cmake -E cmake_progress_report /home/snr/Support/Plus-build-codeblocks/vtk-bin/CMakeFiles/CMakeTmp/CMakeFiles 1
Building C object CMakeFiles/cmTryCompileExec1254460463.dir/CheckFunctionExists.c.o
/usr/bin/cc   -DCHECK_FUNCTION_EXISTS=pthread_create   -o CMakeFiles/cmTryCompileExec1254460463.dir/CheckFunctionExists.c.o   -c /usr/share/cmake-2.8/Modules/CheckFunctionExists.c
Linking C executable cmTryCompileExec1254460463
/usr/bin/cmake -E cmake_link_script CMakeFiles/cmTryCompileExec1254460463.dir/link.txt --verbose=1
/usr/bin/cc     -DCHECK_FUNCTION_EXISTS=pthread_create    CMakeFiles/cmTryCompileExec1254460463.dir/CheckFunctionExists.c.o  -o cmTryCompileExec1254460463 -rdynamic -lpthreads 
/usr/bin/ld: cannot find -lpthreads
collect2: error: ld returned 1 exit status
make[4]: *** [cmTryCompileExec1254460463] Error 1
make[4]: Leaving directory `/home/snr/Support/Plus-build-codeblocks/vtk-bin/CMakeFiles/CMakeTmp'
make[3]: *** [cmTryCompileExec1254460463/fast] Error 2
make[3]: Leaving directory `/home/snr/Support/Plus-build-codeblocks/vtk-bin/CMakeFiles/CMakeTmp'


Determining size of __int64 failed with the following output:
Change Dir: /home/snr/Support/Plus-build-codeblocks/vtk-bin/CMakeFiles/CMakeTmp

Run Build Command:/usr/bin/make "cmTryCompileExec2128821371/fast"
make[3]: Entering directory `/home/snr/Support/Plus-build-codeblocks/vtk-bin/CMakeFiles/CMakeTmp'
/usr/bin/make -f CMakeFiles/cmTryCompileExec2128821371.dir/build.make CMakeFiles/cmTryCompileExec2128821371.dir/build
make[4]: Entering directory `/home/snr/Support/Plus-build-codeblocks/vtk-bin/CMakeFiles/CMakeTmp'
/usr/bin/cmake -E cmake_progress_report /home/snr/Support/Plus-build-codeblocks/vtk-bin/CMakeFiles/CMakeTmp/CMakeFiles 1
Building C object CMakeFiles/cmTryCompileExec2128821371.dir/VTK_SIZEOF___INT64.c.o
/usr/bin/cc    -o CMakeFiles/cmTryCompileExec2128821371.dir/VTK_SIZEOF___INT64.c.o   -c /home/snr/Support/Plus-build-codeblocks/vtk-bin/CMakeFiles/CheckTypeSize/VTK_SIZEOF___INT64.c
/home/snr/Support/Plus-build-codeblocks/vtk-bin/CMakeFiles/CheckTypeSize/VTK_SIZEOF___INT64.c:17:22: error: ‘__int64’ undeclared here (not in a function)
 #define SIZE (sizeof(__int64))
                      ^
/home/snr/Support/Plus-build-codeblocks/vtk-bin/CMakeFiles/CheckTypeSize/VTK_SIZEOF___INT64.c:19:12: note: in expansion of macro ‘SIZE’
   ('0' + ((SIZE / 10000)%10)),
            ^
make[4]: *** [CMakeFiles/cmTryCompileExec2128821371.dir/VTK_SIZEOF___INT64.c.o] Error 1
make[4]: Leaving directory `/home/snr/Support/Plus-build-codeblocks/vtk-bin/CMakeFiles/CMakeTmp'
make[3]: *** [cmTryCompileExec2128821371/fast] Error 2
make[3]: Leaving directory `/home/snr/Support/Plus-build-codeblocks/vtk-bin/CMakeFiles/CMakeTmp'

/home/snr/Support/Plus-build-codeblocks/vtk-bin/CMakeFiles/CheckTypeSize/VTK_SIZEOF___INT64.c:
#include <sys/types.h>
#include <stdint.h>
#include <stddef.h>


#undef KEY
#if defined(__i386)
# define KEY '_','_','i','3','8','6'
#elif defined(__x86_64)
# define KEY '_','_','x','8','6','_','6','4'
#elif defined(__ppc__)
# define KEY '_','_','p','p','c','_','_'
#elif defined(__ppc64__)
# define KEY '_','_','p','p','c','6','4','_','_'
#endif

#define SIZE (sizeof(__int64))
char info_size[] =  {'I', 'N', 'F', 'O', ':', 's','i','z','e','[',
  ('0' + ((SIZE / 10000)%10)),
  ('0' + ((SIZE / 1000)%10)),
  ('0' + ((SIZE / 100)%10)),
  ('0' + ((SIZE / 10)%10)),
  ('0' +  (SIZE    % 10)),
  ']',
#ifdef KEY
  ' ','k','e','y','[', KEY, ']',
#endif
  '\0'};

#ifdef __CLASSIC_C__
int main(argc, argv) int argc; char *argv[];
#else
int main(int argc, char *argv[])
#endif
{
  int require = 0;
  require += info_size[argc];
  (void)argv;
  return require;
}


Determining if the function getsockname exists in the socket failed with the following output:
Change Dir: /home/snr/Support/Plus-build-codeblocks/vtk-bin/CMakeFiles/CMakeTmp

Run Build Command:/usr/bin/make "cmTryCompileExec2585397323/fast"
make[3]: Entering directory `/home/snr/Support/Plus-build-codeblocks/vtk-bin/CMakeFiles/CMakeTmp'
/usr/bin/make -f CMakeFiles/cmTryCompileExec2585397323.dir/build.make CMakeFiles/cmTryCompileExec2585397323.dir/build
make[4]: Entering directory `/home/snr/Support/Plus-build-codeblocks/vtk-bin/CMakeFiles/CMakeTmp'
/usr/bin/cmake -E cmake_progress_report /home/snr/Support/Plus-build-codeblocks/vtk-bin/CMakeFiles/CMakeTmp/CMakeFiles 1
Building C object CMakeFiles/cmTryCompileExec2585397323.dir/CheckFunctionExists.c.o
/usr/bin/cc   -DCHECK_FUNCTION_EXISTS=getsockname   -o CMakeFiles/cmTryCompileExec2585397323.dir/CheckFunctionExists.c.o   -c /usr/share/cmake-2.8/Modules/CheckFunctionExists.c
Linking C executable cmTryCompileExec2585397323
/usr/bin/cmake -E cmake_link_script CMakeFiles/cmTryCompileExec2585397323.dir/link.txt --verbose=1
/usr/bin/cc     -DCHECK_FUNCTION_EXISTS=getsockname    CMakeFiles/cmTryCompileExec2585397323.dir/CheckFunctionExists.c.o  -o cmTryCompileExec2585397323 -rdynamic -lsocket 
/usr/bin/ld: cannot find -lsocket
collect2: error: ld returned 1 exit status
make[4]: Leaving directory `/home/snr/Support/Plus-build-codeblocks/vtk-bin/CMakeFiles/CMakeTmp'
make[4]: *** [cmTryCompileExec2585397323] Error 1
make[3]: *** [cmTryCompileExec2585397323/fast] Error 2
make[3]: Leaving directory `/home/snr/Support/Plus-build-codeblocks/vtk-bin/CMakeFiles/CMakeTmp'


Checking for non-standard argument to stl allocator<>::max_size failed to compile with the following output:
Change Dir: /home/snr/Support/Plus-build-codeblocks/vtk-bin/Utilities/KWSys/vtksys/CMakeFiles/CMakeTmp

Run Build Command:/usr/bin/make "cmTryCompileExec3791444611/fast"
make[3]: Entering directory `/home/snr/Support/Plus-build-codeblocks/vtk-bin/Utilities/KWSys/vtksys/CMakeFiles/CMakeTmp'
/usr/bin/make -f CMakeFiles/cmTryCompileExec3791444611.dir/build.make CMakeFiles/cmTryCompileExec3791444611.dir/build
make[4]: Entering directory `/home/snr/Support/Plus-build-codeblocks/vtk-bin/Utilities/KWSys/vtksys/CMakeFiles/CMakeTmp'
/usr/bin/cmake -E cmake_progress_report /home/snr/Support/Plus-build-codeblocks/vtk-bin/Utilities/KWSys/vtksys/CMakeFiles/CMakeTmp/CMakeFiles 1
Building CXX object CMakeFiles/cmTryCompileExec3791444611.dir/kwsysPlatformTestsCXX.cxx.o
/usr/bin/c++   -DKWSYS_STL_HAVE_STD=1 -DTEST_KWSYS_STL_HAS_ALLOCATOR_MAX_SIZE_ARGUMENT  -o CMakeFiles/cmTryCompileExec3791444611.dir/kwsysPlatformTestsCXX.cxx.o -c /home/snr/Support/Plus-build-codeblocks/vtk/Utilities/KWSys/vtksys/kwsysPlatformTestsCXX.cxx
/home/snr/Support/Plus-build-codeblocks/vtk/Utilities/KWSys/vtksys/kwsysPlatformTestsCXX.cxx: In function ‘void f(const std::allocator<char>&)’:
/home/snr/Support/Plus-build-codeblocks/vtk/Utilities/KWSys/vtksys/kwsysPlatformTestsCXX.cxx:256:25: error: no matching function for call to ‘std::allocator<char>::max_size(long unsigned int) const’
   a.max_size(sizeof(int));
                         ^
/home/snr/Support/Plus-build-codeblocks/vtk/Utilities/KWSys/vtksys/kwsysPlatformTestsCXX.cxx:256:25: note: candidate is:
In file included from /usr/include/x86_64-linux-gnu/c++/4.8/bits/c++allocator.h:33:0,
                 from /usr/include/c++/4.8/bits/allocator.h:46,
                 from /usr/include/c++/4.8/memory:63,
                 from /home/snr/Support/Plus-build-codeblocks/vtk/Utilities/KWSys/vtksys/kwsysPlatformTestsCXX.cxx:253:
/usr/include/c++/4.8/ext/new_allocator.h:113:7: note: __gnu_cxx::new_allocator<_Tp>::size_type __gnu_cxx::new_allocator<_Tp>::max_size() const [with _Tp = char; __gnu_cxx::new_allocator<_Tp>::size_type = long unsigned int]
       max_size() const _GLIBCXX_USE_NOEXCEPT
       ^
/usr/include/c++/4.8/ext/new_allocator.h:113:7: note:   candidate expects 0 arguments, 1 provided
make[4]: *** [CMakeFiles/cmTryCompileExec3791444611.dir/kwsysPlatformTestsCXX.cxx.o] Error 1
make[4]: Leaving directory `/home/snr/Support/Plus-build-codeblocks/vtk-bin/Utilities/KWSys/vtksys/CMakeFiles/CMakeTmp'
make[3]: *** [cmTryCompileExec3791444611/fast] Error 2
make[3]: Leaving directory `/home/snr/Support/Plus-build-codeblocks/vtk-bin/Utilities/KWSys/vtksys/CMakeFiles/CMakeTmp'


Checking whether "<>" is needed for template friends failed to compile with the following output:
Change Dir: /home/snr/Support/Plus-build-codeblocks/vtk-bin/Utilities/KWSys/vtksys/CMakeFiles/CMakeTmp

Run Build Command:/usr/bin/make "cmTryCompileExec3728445034/fast"
make[3]: Entering directory `/home/snr/Support/Plus-build-codeblocks/vtk-bin/Utilities/KWSys/vtksys/CMakeFiles/CMakeTmp'
/usr/bin/make -f CMakeFiles/cmTryCompileExec3728445034.dir/build.make CMakeFiles/cmTryCompileExec3728445034.dir/build
make[4]: Entering directory `/home/snr/Support/Plus-build-codeblocks/vtk-bin/Utilities/KWSys/vtksys/CMakeFiles/CMakeTmp'
/usr/bin/cmake -E cmake_progress_report /home/snr/Support/Plus-build-codeblocks/vtk-bin/Utilities/KWSys/vtksys/CMakeFiles/CMakeTmp/CMakeFiles 1
Building CXX object CMakeFiles/cmTryCompileExec3728445034.dir/kwsysPlatformTestsCXX.cxx.o
/usr/bin/c++   -DTEST_KWSYS_CXX_HAS_NULL_TEMPLATE_ARGS  -o CMakeFiles/cmTryCompileExec3728445034.dir/kwsysPlatformTestsCXX.cxx.o -c /home/snr/Support/Plus-build-codeblocks/vtk/Utilities/KWSys/vtksys/kwsysPlatformTestsCXX.cxx
/home/snr/Support/Plus-build-codeblocks/vtk/Utilities/KWSys/vtksys/kwsysPlatformTestsCXX.cxx:141:21: warning: friend declaration ‘int f(A<T>&)’ declares a non-template function [-Wnon-template-friend]
   friend int f(A<T>&);
                     ^
/home/snr/Support/Plus-build-codeblocks/vtk/Utilities/KWSys/vtksys/kwsysPlatformTestsCXX.cxx:141:21: note: (if this is not what you intended, make sure the function template has already been declared and add <> after the function name here) 
/home/snr/Support/Plus-build-codeblocks/vtk/Utilities/KWSys/vtksys/kwsysPlatformTestsCXX.cxx: In instantiation of ‘int f(A<T>&) [with T = int]’:
/home/snr/Support/Plus-build-codeblocks/vtk/Utilities/KWSys/vtksys/kwsysPlatformTestsCXX.cxx:147:23:   required from here
/home/snr/Support/Plus-build-codeblocks/vtk/Utilities/KWSys/vtksys/kwsysPlatformTestsCXX.cxx:143:7: error: ‘int A<int>::x’ is private
   int x;
       ^
/home/snr/Support/Plus-build-codeblocks/vtk/Utilities/KWSys/vtksys/kwsysPlatformTestsCXX.cxx:146:48: error: within this context
 template <class T> int f(A<T>& a) { return a.x = 0; }
                                                ^
make[4]: *** [CMakeFiles/cmTryCompileExec3728445034.dir/kwsysPlatformTestsCXX.cxx.o] Error 1
make[4]: Leaving directory `/home/snr/Support/Plus-build-codeblocks/vtk-bin/Utilities/KWSys/vtksys/CMakeFiles/CMakeTmp'
make[3]: *** [cmTryCompileExec3728445034/fast] Error 2
make[3]: Leaving directory `/home/snr/Support/Plus-build-codeblocks/vtk-bin/Utilities/KWSys/vtksys/CMakeFiles/CMakeTmp'


Checking whether C++ compiler has '__int64' failed to compile with the following output:
Change Dir: /home/snr/Support/Plus-build-codeblocks/vtk-bin/Utilities/KWSys/vtksys/CMakeFiles/CMakeTmp

Run Build Command:/usr/bin/make "cmTryCompileExec2789145914/fast"
make[3]: Entering directory `/home/snr/Support/Plus-build-codeblocks/vtk-bin/Utilities/KWSys/vtksys/CMakeFiles/CMakeTmp'
/usr/bin/make -f CMakeFiles/cmTryCompileExec2789145914.dir/build.make CMakeFiles/cmTryCompileExec2789145914.dir/build
make[4]: Entering directory `/home/snr/Support/Plus-build-codeblocks/vtk-bin/Utilities/KWSys/vtksys/CMakeFiles/CMakeTmp'
/usr/bin/cmake -E cmake_progress_report /home/snr/Support/Plus-build-codeblocks/vtk-bin/Utilities/KWSys/vtksys/CMakeFiles/CMakeTmp/CMakeFiles 1
Building CXX object CMakeFiles/cmTryCompileExec2789145914.dir/kwsysPlatformTestsCXX.cxx.o
/usr/bin/c++   -DTEST_KWSYS_CXX_HAS___INT64  -o CMakeFiles/cmTryCompileExec2789145914.dir/kwsysPlatformTestsCXX.cxx.o -c /home/snr/Support/Plus-build-codeblocks/vtk/Utilities/KWSys/vtksys/kwsysPlatformTestsCXX.cxx
/home/snr/Support/Plus-build-codeblocks/vtk/Utilities/KWSys/vtksys/kwsysPlatformTestsCXX.cxx:126:1: error: ‘__int64’ does not name a type
 __int64 f(__int64 n) { return n; }
 ^
/home/snr/Support/Plus-build-codeblocks/vtk/Utilities/KWSys/vtksys/kwsysPlatformTestsCXX.cxx: In function ‘int main()’:
/home/snr/Support/Plus-build-codeblocks/vtk/Utilities/KWSys/vtksys/kwsysPlatformTestsCXX.cxx:129:3: error: ‘__int64’ was not declared in this scope
   __int64 n = 0;
   ^
/home/snr/Support/Plus-build-codeblocks/vtk/Utilities/KWSys/vtksys/kwsysPlatformTestsCXX.cxx:129:11: error: expected ‘;’ before ‘n’
   __int64 n = 0;
           ^
/home/snr/Support/Plus-build-codeblocks/vtk/Utilities/KWSys/vtksys/kwsysPlatformTestsCXX.cxx:130:29: error: ‘n’ was not declared in this scope
   return static_cast<int>(f(n));
                             ^
/home/snr/Support/Plus-build-codeblocks/vtk/Utilities/KWSys/vtksys/kwsysPlatformTestsCXX.cxx:130:30: error: ‘f’ was not declared in this scope
   return static_cast<int>(f(n));
                              ^
make[4]: *** [CMakeFiles/cmTryCompileExec2789145914.dir/kwsysPlatformTestsCXX.cxx.o] Error 1
make[4]: Leaving directory `/home/snr/Support/Plus-build-codeblocks/vtk-bin/Utilities/KWSys/vtksys/CMakeFiles/CMakeTmp'
make[3]: *** [cmTryCompileExec2789145914/fast] Error 2
make[3]: Leaving directory `/home/snr/Support/Plus-build-codeblocks/vtk-bin/Utilities/KWSys/vtksys/CMakeFiles/CMakeTmp'


Determining size of __int64 failed with the following output:
Change Dir: /home/snr/Support/Plus-build-codeblocks/vtk-bin/CMakeFiles/CMakeTmp

Run Build Command:/usr/bin/make "cmTryCompileExec504131099/fast"
make[3]: Entering directory `/home/snr/Support/Plus-build-codeblocks/vtk-bin/CMakeFiles/CMakeTmp'
/usr/bin/make -f CMakeFiles/cmTryCompileExec504131099.dir/build.make CMakeFiles/cmTryCompileExec504131099.dir/build
make[4]: Entering directory `/home/snr/Support/Plus-build-codeblocks/vtk-bin/CMakeFiles/CMakeTmp'
/usr/bin/cmake -E cmake_progress_report /home/snr/Support/Plus-build-codeblocks/vtk-bin/CMakeFiles/CMakeTmp/CMakeFiles 1
Building C object CMakeFiles/cmTryCompileExec504131099.dir/KWSYS_SIZEOF___INT64.c.o
/usr/bin/cc    -o CMakeFiles/cmTryCompileExec504131099.dir/KWSYS_SIZEOF___INT64.c.o   -c /home/snr/Support/Plus-build-codeblocks/vtk-bin/CMakeFiles/CheckTypeSize/KWSYS_SIZEOF___INT64.c
/home/snr/Support/Plus-build-codeblocks/vtk-bin/CMakeFiles/CheckTypeSize/KWSYS_SIZEOF___INT64.c:17:22: error: ‘__int64’ undeclared here (not in a function)
 #define SIZE (sizeof(__int64))
                      ^
/home/snr/Support/Plus-build-codeblocks/vtk-bin/CMakeFiles/CheckTypeSize/KWSYS_SIZEOF___INT64.c:19:12: note: in expansion of macro ‘SIZE’
   ('0' + ((SIZE / 10000)%10)),
            ^
make[4]: *** [CMakeFiles/cmTryCompileExec504131099.dir/KWSYS_SIZEOF___INT64.c.o] Error 1
make[4]: Leaving directory `/home/snr/Support/Plus-build-codeblocks/vtk-bin/CMakeFiles/CMakeTmp'
make[3]: *** [cmTryCompileExec504131099/fast] Error 2
make[3]: Leaving directory `/home/snr/Support/Plus-build-codeblocks/vtk-bin/CMakeFiles/CMakeTmp'

/home/snr/Support/Plus-build-codeblocks/vtk-bin/CMakeFiles/CheckTypeSize/KWSYS_SIZEOF___INT64.c:
#include <sys/types.h>
#include <stdint.h>
#include <stddef.h>


#undef KEY
#if defined(__i386)
# define KEY '_','_','i','3','8','6'
#elif defined(__x86_64)
# define KEY '_','_','x','8','6','_','6','4'
#elif defined(__ppc__)
# define KEY '_','_','p','p','c','_','_'
#elif defined(__ppc64__)
# define KEY '_','_','p','p','c','6','4','_','_'
#endif

#define SIZE (sizeof(__int64))
char info_size[] =  {'I', 'N', 'F', 'O', ':', 's','i','z','e','[',
  ('0' + ((SIZE / 10000)%10)),
  ('0' + ((SIZE / 1000)%10)),
  ('0' + ((SIZE / 100)%10)),
  ('0' + ((SIZE / 10)%10)),
  ('0' +  (SIZE    % 10)),
  ']',
#ifdef KEY
  ' ','k','e','y','[', KEY, ']',
#endif
  '\0'};

#ifdef __CLASSIC_C__
int main(argc, argv) int argc; char *argv[];
#else
int main(int argc, char *argv[])
#endif
{
  int require = 0;
  require += info_size[argc];
  (void)argv;
  return require;
}


Checking whether CXX compiler has environ in stdlib.h failed to compile with the following output:
Change Dir: /home/snr/Support/Plus-build-codeblocks/vtk-bin/Utilities/KWSys/vtksys/CMakeFiles/CMakeTmp

Run Build Command:/usr/bin/make "cmTryCompileExec556166777/fast"
make[3]: Entering directory `/home/snr/Support/Plus-build-codeblocks/vtk-bin/Utilities/KWSys/vtksys/CMakeFiles/CMakeTmp'
/usr/bin/make -f CMakeFiles/cmTryCompileExec556166777.dir/build.make CMakeFiles/cmTryCompileExec556166777.dir/build
make[4]: Entering directory `/home/snr/Support/Plus-build-codeblocks/vtk-bin/Utilities/KWSys/vtksys/CMakeFiles/CMakeTmp'
/usr/bin/cmake -E cmake_progress_report /home/snr/Support/Plus-build-codeblocks/vtk-bin/Utilities/KWSys/vtksys/CMakeFiles/CMakeTmp/CMakeFiles 1
Building CXX object CMakeFiles/cmTryCompileExec556166777.dir/kwsysPlatformTestsCXX.cxx.o
/usr/bin/c++   -DTEST_KWSYS_CXX_HAS_ENVIRON_IN_STDLIB_H  -o CMakeFiles/cmTryCompileExec556166777.dir/kwsysPlatformTestsCXX.cxx.o -c /home/snr/Support/Plus-build-codeblocks/vtk/Utilities/KWSys/vtksys/kwsysPlatformTestsCXX.cxx
/home/snr/Support/Plus-build-codeblocks/vtk/Utilities/KWSys/vtksys/kwsysPlatformTestsCXX.cxx: In function ‘int main()’:
/home/snr/Support/Plus-build-codeblocks/vtk/Utilities/KWSys/vtksys/kwsysPlatformTestsCXX.cxx:450:13: error: ‘environ’ was not declared in this scope
   char* e = environ[0];
             ^
make[4]: *** [CMakeFiles/cmTryCompileExec556166777.dir/kwsysPlatformTestsCXX.cxx.o] Error 1
make[4]: Leaving directory `/home/snr/Support/Plus-build-codeblocks/vtk-bin/Utilities/KWSys/vtksys/CMakeFiles/CMakeTmp'
make[3]: *** [cmTryCompileExec556166777/fast] Error 2
make[3]: Leaving directory `/home/snr/Support/Plus-build-codeblocks/vtk-bin/Utilities/KWSys/vtksys/CMakeFiles/CMakeTmp'


Checking whether CXX compiler has _atoi64 failed to compile with the following output:
Change Dir: /home/snr/Support/Plus-build-codeblocks/vtk-bin/Utilities/KWSys/vtksys/CMakeFiles/CMakeTmp

Run Build Command:/usr/bin/make "cmTryCompileExec3251232505/fast"
make[3]: Entering directory `/home/snr/Support/Plus-build-codeblocks/vtk-bin/Utilities/KWSys/vtksys/CMakeFiles/CMakeTmp'
/usr/bin/make -f CMakeFiles/cmTryCompileExec3251232505.dir/build.make CMakeFiles/cmTryCompileExec3251232505.dir/build
make[4]: Entering directory `/home/snr/Support/Plus-build-codeblocks/vtk-bin/Utilities/KWSys/vtksys/CMakeFiles/CMakeTmp'
/usr/bin/cmake -E cmake_progress_report /home/snr/Support/Plus-build-codeblocks/vtk-bin/Utilities/KWSys/vtksys/CMakeFiles/CMakeTmp/CMakeFiles 1
Building CXX object CMakeFiles/cmTryCompileExec3251232505.dir/kwsysPlatformTestsCXX.cxx.o
/usr/bin/c++   -DTEST_KWSYS_CXX_HAS__ATOI64  -o CMakeFiles/cmTryCompileExec3251232505.dir/kwsysPlatformTestsCXX.cxx.o -c /home/snr/Support/Plus-build-codeblocks/vtk/Utilities/KWSys/vtksys/kwsysPlatformTestsCXX.cxx
/home/snr/Support/Plus-build-codeblocks/vtk/Utilities/KWSys/vtksys/kwsysPlatformTestsCXX.cxx: In function ‘int main()’:
/home/snr/Support/Plus-build-codeblocks/vtk/Utilities/KWSys/vtksys/kwsysPlatformTestsCXX.cxx:493:38: error: ‘_atoi64’ was not declared in this scope
   return static_cast<int>(_atoi64(str));
                                      ^
make[4]: *** [CMakeFiles/cmTryCompileExec3251232505.dir/kwsysPlatformTestsCXX.cxx.o] Error 1
make[4]: Leaving directory `/home/snr/Support/Plus-build-codeblocks/vtk-bin/Utilities/KWSys/vtksys/CMakeFiles/CMakeTmp'
make[3]: *** [cmTryCompileExec3251232505/fast] Error 2
make[3]: Leaving directory `/home/snr/Support/Plus-build-codeblocks/vtk-bin/Utilities/KWSys/vtksys/CMakeFiles/CMakeTmp'


Determining if files windows.h exist failed with the following output:
Change Dir: /home/snr/Support/Plus-build-codeblocks/vtk-bin/CMakeFiles/CMakeTmp

Run Build Command:/usr/bin/make "cmTryCompileExec1980393706/fast"
make[3]: Entering directory `/home/snr/Support/Plus-build-codeblocks/vtk-bin/CMakeFiles/CMakeTmp'
/usr/bin/make -f CMakeFiles/cmTryCompileExec1980393706.dir/build.make CMakeFiles/cmTryCompileExec1980393706.dir/build
make[4]: Entering directory `/home/snr/Support/Plus-build-codeblocks/vtk-bin/CMakeFiles/CMakeTmp'
/usr/bin/cmake -E cmake_progress_report /home/snr/Support/Plus-build-codeblocks/vtk-bin/CMakeFiles/CMakeTmp/CMakeFiles 1
Building C object CMakeFiles/cmTryCompileExec1980393706.dir/CheckIncludeFiles.c.o
/usr/bin/cc   -w -w    -o CMakeFiles/cmTryCompileExec1980393706.dir/CheckIncludeFiles.c.o   -c /home/snr/Support/Plus-build-codeblocks/vtk-bin/CMakeFiles/CMakeTmp/CheckIncludeFiles.c
/home/snr/Support/Plus-build-codeblocks/vtk-bin/CMakeFiles/CMakeTmp/CheckIncludeFiles.c:2:21: fatal error: windows.h: No such file or directory
 #include <windows.h>
                     ^
compilation terminated.
make[4]: Leaving directory `/home/snr/Support/Plus-build-codeblocks/vtk-bin/CMakeFiles/CMakeTmp'
make[4]: *** [CMakeFiles/cmTryCompileExec1980393706.dir/CheckIncludeFiles.c.o] Error 1
make[3]: *** [cmTryCompileExec1980393706/fast] Error 2
make[3]: Leaving directory `/home/snr/Support/Plus-build-codeblocks/vtk-bin/CMakeFiles/CMakeTmp'

Source:
/* */
#include <windows.h>


int main(){return 0;}

Determining if files ieeefp.h exist failed with the following output:
Change Dir: /home/snr/Support/Plus-build-codeblocks/vtk-bin/CMakeFiles/CMakeTmp

Run Build Command:/usr/bin/make "cmTryCompileExec2564902929/fast"
make[3]: Entering directory `/home/snr/Support/Plus-build-codeblocks/vtk-bin/CMakeFiles/CMakeTmp'
/usr/bin/make -f CMakeFiles/cmTryCompileExec2564902929.dir/build.make CMakeFiles/cmTryCompileExec2564902929.dir/build
make[4]: Entering directory `/home/snr/Support/Plus-build-codeblocks/vtk-bin/CMakeFiles/CMakeTmp'
/usr/bin/cmake -E cmake_progress_report /home/snr/Support/Plus-build-codeblocks/vtk-bin/CMakeFiles/CMakeTmp/CMakeFiles 1
Building C object CMakeFiles/cmTryCompileExec2564902929.dir/CheckIncludeFiles.c.o
/usr/bin/cc   -w -w    -o CMakeFiles/cmTryCompileExec2564902929.dir/CheckIncludeFiles.c.o   -c /home/snr/Support/Plus-build-codeblocks/vtk-bin/CMakeFiles/CMakeTmp/CheckIncludeFiles.c
/home/snr/Support/Plus-build-codeblocks/vtk-bin/CMakeFiles/CMakeTmp/CheckIncludeFiles.c:2:20: fatal error: ieeefp.h: No such file or directory
 #include <ieeefp.h>
                    ^
compilation terminated.
make[4]: Leaving directory `/home/snr/Support/Plus-build-codeblocks/vtk-bin/CMakeFiles/CMakeTmp'
make[4]: *** [CMakeFiles/cmTryCompileExec2564902929.dir/CheckIncludeFiles.c.o] Error 1
make[3]: *** [cmTryCompileExec2564902929/fast] Error 2
make[3]: Leaving directory `/home/snr/Support/Plus-build-codeblocks/vtk-bin/CMakeFiles/CMakeTmp'

Source:
/* */
#include <ieeefp.h>


int main(){return 0;}

Determining if the function floor exists failed with the following output:
Change Dir: /home/snr/Support/Plus-build-codeblocks/vtk-bin/CMakeFiles/CMakeTmp

Run Build Command:/usr/bin/make "cmTryCompileExec4132902263/fast"
make[3]: Entering directory `/home/snr/Support/Plus-build-codeblocks/vtk-bin/CMakeFiles/CMakeTmp'
/usr/bin/make -f CMakeFiles/cmTryCompileExec4132902263.dir/build.make CMakeFiles/cmTryCompileExec4132902263.dir/build
make[4]: Entering directory `/home/snr/Support/Plus-build-codeblocks/vtk-bin/CMakeFiles/CMakeTmp'
/usr/bin/cmake -E cmake_progress_report /home/snr/Support/Plus-build-codeblocks/vtk-bin/CMakeFiles/CMakeTmp/CMakeFiles 1
Building C object CMakeFiles/cmTryCompileExec4132902263.dir/CheckFunctionExists.c.o
/usr/bin/cc   -w -w -DCHECK_FUNCTION_EXISTS=floor   -o CMakeFiles/cmTryCompileExec4132902263.dir/CheckFunctionExists.c.o   -c /usr/share/cmake-2.8/Modules/CheckFunctionExists.c
Linking C executable cmTryCompileExec4132902263
/usr/bin/cmake -E cmake_link_script CMakeFiles/cmTryCompileExec4132902263.dir/link.txt --verbose=1
/usr/bin/cc     -w -w -DCHECK_FUNCTION_EXISTS=floor    CMakeFiles/cmTryCompileExec4132902263.dir/CheckFunctionExists.c.o  -o cmTryCompileExec4132902263 -rdynamic 
CMakeFiles/cmTryCompileExec4132902263.dir/CheckFunctionExists.c.o: In function `main':
CheckFunctionExists.c:(.text+0x15): undefined reference to `floor'
collect2: error: ld returned 1 exit status
make[4]: Leaving directory `/home/snr/Support/Plus-build-codeblocks/vtk-bin/CMakeFiles/CMakeTmp'
make[4]: *** [cmTryCompileExec4132902263] Error 1
make[3]: *** [cmTryCompileExec4132902263/fast] Error 2
make[3]: Leaving directory `/home/snr/Support/Plus-build-codeblocks/vtk-bin/CMakeFiles/CMakeTmp'


Determining if the function pow exists failed with the following output:
Change Dir: /home/snr/Support/Plus-build-codeblocks/vtk-bin/CMakeFiles/CMakeTmp

Run Build Command:/usr/bin/make "cmTryCompileExec2645587644/fast"
make[3]: Entering directory `/home/snr/Support/Plus-build-codeblocks/vtk-bin/CMakeFiles/CMakeTmp'
/usr/bin/make -f CMakeFiles/cmTryCompileExec2645587644.dir/build.make CMakeFiles/cmTryCompileExec2645587644.dir/build
make[4]: Entering directory `/home/snr/Support/Plus-build-codeblocks/vtk-bin/CMakeFiles/CMakeTmp'
/usr/bin/cmake -E cmake_progress_report /home/snr/Support/Plus-build-codeblocks/vtk-bin/CMakeFiles/CMakeTmp/CMakeFiles 1
Building C object CMakeFiles/cmTryCompileExec2645587644.dir/CheckFunctionExists.c.o
/usr/bin/cc   -w -w -DCHECK_FUNCTION_EXISTS=pow   -o CMakeFiles/cmTryCompileExec2645587644.dir/CheckFunctionExists.c.o   -c /usr/share/cmake-2.8/Modules/CheckFunctionExists.c
Linking C executable cmTryCompileExec2645587644
/usr/bin/cmake -E cmake_link_script CMakeFiles/cmTryCompileExec2645587644.dir/link.txt --verbose=1
/usr/bin/cc     -w -w -DCHECK_FUNCTION_EXISTS=pow    CMakeFiles/cmTryCompileExec2645587644.dir/CheckFunctionExists.c.o  -o cmTryCompileExec2645587644 -rdynamic 
CMakeFiles/cmTryCompileExec2645587644.dir/CheckFunctionExists.c.o: In function `main':
CheckFunctionExists.c:(.text+0x15): undefined reference to `pow'
collect2: error: ld returned 1 exit status
make[4]: Leaving directory `/home/snr/Support/Plus-build-codeblocks/vtk-bin/CMakeFiles/CMakeTmp'
make[4]: *** [cmTryCompileExec2645587644] Error 1
make[3]: *** [cmTryCompileExec2645587644/fast] Error 2
make[3]: Leaving directory `/home/snr/Support/Plus-build-codeblocks/vtk-bin/CMakeFiles/CMakeTmp'


Determining if the function sqrt exists failed with the following output:
Change Dir: /home/snr/Support/Plus-build-codeblocks/vtk-bin/CMakeFiles/CMakeTmp

Run Build Command:/usr/bin/make "cmTryCompileExec604404372/fast"
make[3]: Entering directory `/home/snr/Support/Plus-build-codeblocks/vtk-bin/CMakeFiles/CMakeTmp'
/usr/bin/make -f CMakeFiles/cmTryCompileExec604404372.dir/build.make CMakeFiles/cmTryCompileExec604404372.dir/build
make[4]: Entering directory `/home/snr/Support/Plus-build-codeblocks/vtk-bin/CMakeFiles/CMakeTmp'
/usr/bin/cmake -E cmake_progress_report /home/snr/Support/Plus-build-codeblocks/vtk-bin/CMakeFiles/CMakeTmp/CMakeFiles 1
Building C object CMakeFiles/cmTryCompileExec604404372.dir/CheckFunctionExists.c.o
/usr/bin/cc   -w -w -DCHECK_FUNCTION_EXISTS=sqrt   -o CMakeFiles/cmTryCompileExec604404372.dir/CheckFunctionExists.c.o   -c /usr/share/cmake-2.8/Modules/CheckFunctionExists.c
Linking C executable cmTryCompileExec604404372
/usr/bin/cmake -E cmake_link_script CMakeFiles/cmTryCompileExec604404372.dir/link.txt --verbose=1
/usr/bin/cc     -w -w -DCHECK_FUNCTION_EXISTS=sqrt    CMakeFiles/cmTryCompileExec604404372.dir/CheckFunctionExists.c.o  -o cmTryCompileExec604404372 -rdynamic 
CMakeFiles/cmTryCompileExec604404372.dir/CheckFunctionExists.c.o: In function `main':
CheckFunctionExists.c:(.text+0x15): undefined reference to `sqrt'
collect2: error: ld returned 1 exit status
make[4]: Leaving directory `/home/snr/Support/Plus-build-codeblocks/vtk-bin/CMakeFiles/CMakeTmp'
make[4]: *** [cmTryCompileExec604404372] Error 1
make[3]: *** [cmTryCompileExec604404372/fast] Error 2
make[3]: Leaving directory `/home/snr/Support/Plus-build-codeblocks/vtk-bin/CMakeFiles/CMakeTmp'


Performing C SOURCE FILE Test GLX_DEFINES_TYPE_GLXextFuncPtr_AS_EMPTY failed with the following output:
Change Dir: /home/snr/Support/Plus-build-codeblocks/vtk-bin/CMakeFiles/CMakeTmp

Run Build Command:/usr/bin/make "cmTryCompileExec1107940564/fast"
make[3]: Entering directory `/home/snr/Support/Plus-build-codeblocks/vtk-bin/CMakeFiles/CMakeTmp'
/usr/bin/make -f CMakeFiles/cmTryCompileExec1107940564.dir/build.make CMakeFiles/cmTryCompileExec1107940564.dir/build
make[4]: Entering directory `/home/snr/Support/Plus-build-codeblocks/vtk-bin/CMakeFiles/CMakeTmp'
/usr/bin/cmake -E cmake_progress_report /home/snr/Support/Plus-build-codeblocks/vtk-bin/CMakeFiles/CMakeTmp/CMakeFiles 1
Building C object CMakeFiles/cmTryCompileExec1107940564.dir/src.c.o
/usr/bin/cc   -DGLX_DEFINES_TYPE_GLXextFuncPtr_AS_EMPTY   -o CMakeFiles/cmTryCompileExec1107940564.dir/src.c.o   -c /home/snr/Support/Plus-build-codeblocks/vtk-bin/CMakeFiles/CMakeTmp/src.c
/home/snr/Support/Plus-build-codeblocks/vtk-bin/CMakeFiles/CMakeTmp/src.c: In function ‘main’:
/home/snr/Support/Plus-build-codeblocks/vtk-bin/CMakeFiles/CMakeTmp/src.c:8:2: error: too many arguments to function ‘f’
  f(x); /* fails if prototype is void, pass if prototype is empty. */
  ^
make[4]: *** [CMakeFiles/cmTryCompileExec1107940564.dir/src.c.o] Error 1
make[4]: Leaving directory `/home/snr/Support/Plus-build-codeblocks/vtk-bin/CMakeFiles/CMakeTmp'
make[3]: *** [cmTryCompileExec1107940564/fast] Error 2
make[3]: Leaving directory `/home/snr/Support/Plus-build-codeblocks/vtk-bin/CMakeFiles/CMakeTmp'

Source file was:

#define GLX_GLXEXT_LEGACY
#include <GL/glx.h>
int main()
{
 __GLXextFuncPtr f;
 int x;
 f(x); /* fails if prototype is void, pass if prototype is empty. */

 return 0;
}

Performing C SOURCE FILE Test GLX_DECLARES_FUNCTION_glXGetProcAddressARB_AS_EMPTY failed with the following output:
Change Dir: /home/snr/Support/Plus-build-codeblocks/vtk-bin/CMakeFiles/CMakeTmp

Run Build Command:/usr/bin/make "cmTryCompileExec1996756197/fast"
make[3]: Entering directory `/home/snr/Support/Plus-build-codeblocks/vtk-bin/CMakeFiles/CMakeTmp'
/usr/bin/make -f CMakeFiles/cmTryCompileExec1996756197.dir/build.make CMakeFiles/cmTryCompileExec1996756197.dir/build
make[4]: Entering directory `/home/snr/Support/Plus-build-codeblocks/vtk-bin/CMakeFiles/CMakeTmp'
/usr/bin/cmake -E cmake_progress_report /home/snr/Support/Plus-build-codeblocks/vtk-bin/CMakeFiles/CMakeTmp/CMakeFiles 1
Building C object CMakeFiles/cmTryCompileExec1996756197.dir/src.c.o
/usr/bin/cc   -DGLX_DECLARES_FUNCTION_glXGetProcAddressARB_AS_EMPTY   -o CMakeFiles/cmTryCompileExec1996756197.dir/src.c.o   -c /home/snr/Support/Plus-build-codeblocks/vtk-bin/CMakeFiles/CMakeTmp/src.c
/home/snr/Support/Plus-build-codeblocks/vtk-bin/CMakeFiles/CMakeTmp/src.c: In function ‘main’:
/home/snr/Support/Plus-build-codeblocks/vtk-bin/CMakeFiles/CMakeTmp/src.c:8:2: error: too many arguments to function ‘glXGetProcAddressARB((const GLubyte *)"aRandomFunction")’
  glXGetProcAddressARB((const GLubyte *)("aRandomFunction"))(x);
  ^
make[4]: *** [CMakeFiles/cmTryCompileExec1996756197.dir/src.c.o] Error 1
make[4]: Leaving directory `/home/snr/Support/Plus-build-codeblocks/vtk-bin/CMakeFiles/CMakeTmp'
make[3]: *** [cmTryCompileExec1996756197/fast] Error 2
make[3]: Leaving directory `/home/snr/Support/Plus-build-codeblocks/vtk-bin/CMakeFiles/CMakeTmp'

Source file was:

#define GLX_GLXEXT_LEGACY
#include <GL/glx.h>
int main()
{
 int x;
 /* fails if prototype is void, pass if prototype is empty. */
 glXGetProcAddressARB((const GLubyte *)("aRandomFunction"))(x);
 return 0;
}

Performing C SOURCE FILE Test GLX_DECLARES_FUNCTION_glXGetProcAddress_AS_EMPTY failed with the following output:
Change Dir: /home/snr/Support/Plus-build-codeblocks/vtk-bin/CMakeFiles/CMakeTmp

Run Build Command:/usr/bin/make "cmTryCompileExec839634014/fast"
make[3]: Entering directory `/home/snr/Support/Plus-build-codeblocks/vtk-bin/CMakeFiles/CMakeTmp'
/usr/bin/make -f CMakeFiles/cmTryCompileExec839634014.dir/build.make CMakeFiles/cmTryCompileExec839634014.dir/build
make[4]: Entering directory `/home/snr/Support/Plus-build-codeblocks/vtk-bin/CMakeFiles/CMakeTmp'
/usr/bin/cmake -E cmake_progress_report /home/snr/Support/Plus-build-codeblocks/vtk-bin/CMakeFiles/CMakeTmp/CMakeFiles 1
Building C object CMakeFiles/cmTryCompileExec839634014.dir/src.c.o
/usr/bin/cc   -DGLX_DECLARES_FUNCTION_glXGetProcAddress_AS_EMPTY   -o CMakeFiles/cmTryCompileExec839634014.dir/src.c.o   -c /home/snr/Support/Plus-build-codeblocks/vtk-bin/CMakeFiles/CMakeTmp/src.c
/home/snr/Support/Plus-build-codeblocks/vtk-bin/CMakeFiles/CMakeTmp/src.c: In function ‘main’:
/home/snr/Support/Plus-build-codeblocks/vtk-bin/CMakeFiles/CMakeTmp/src.c:8:2: error: too many arguments to function ‘glXGetProcAddress((const GLubyte *)"aRandomFunction")’
  glXGetProcAddress((const GLubyte *)("aRandomFunction"))(x);
  ^
make[4]: *** [CMakeFiles/cmTryCompileExec839634014.dir/src.c.o] Error 1
make[4]: Leaving directory `/home/snr/Support/Plus-build-codeblocks/vtk-bin/CMakeFiles/CMakeTmp'
make[3]: *** [cmTryCompileExec839634014/fast] Error 2
make[3]: Leaving directory `/home/snr/Support/Plus-build-codeblocks/vtk-bin/CMakeFiles/CMakeTmp'

Source file was:

#define GLX_GLXEXT_LEGACY
#include <GL/glx.h>
int main()
{
 int x;
 /* fails if prototype is void, pass if prototype is empty. */
 glXGetProcAddress((const GLubyte *)("aRandomFunction"))(x);
 return 0;
}

Determining if the Q_WS_WIN exist failed with the following output:
Change Dir: /home/snr/Support/Plus-build-codeblocks/vtk-bin/CMakeFiles/CMakeTmp

Run Build Command:/usr/bin/make "cmTryCompileExec3891716387/fast"
make[3]: Entering directory `/home/snr/Support/Plus-build-codeblocks/vtk-bin/CMakeFiles/CMakeTmp'
/usr/bin/make -f CMakeFiles/cmTryCompileExec3891716387.dir/build.make CMakeFiles/cmTryCompileExec3891716387.dir/build
make[4]: Entering directory `/home/snr/Support/Plus-build-codeblocks/vtk-bin/CMakeFiles/CMakeTmp'
/usr/bin/cmake -E cmake_progress_report /home/snr/Support/Plus-build-codeblocks/vtk-bin/CMakeFiles/CMakeTmp/CMakeFiles 1
Building CXX object CMakeFiles/cmTryCompileExec3891716387.dir/CheckSymbolExists.cxx.o
/usr/bin/c++    -I/usr/include/qt4    -o CMakeFiles/cmTryCompileExec3891716387.dir/CheckSymbolExists.cxx.o -c /home/snr/Support/Plus-build-codeblocks/vtk-bin/CMakeFiles/CMakeTmp/CheckSymbolExists.cxx
/home/snr/Support/Plus-build-codeblocks/vtk-bin/CMakeFiles/CMakeTmp/CheckSymbolExists.cxx: In function ‘int main(int, char**)’:
/home/snr/Support/Plus-build-codeblocks/vtk-bin/CMakeFiles/CMakeTmp/CheckSymbolExists.cxx:8:19: error: ‘Q_WS_WIN’ was not declared in this scope
   return ((int*)(&Q_WS_WIN))[argc];
                   ^
make[4]: Leaving directory `/home/snr/Support/Plus-build-codeblocks/vtk-bin/CMakeFiles/CMakeTmp'
make[4]: *** [CMakeFiles/cmTryCompileExec3891716387.dir/CheckSymbolExists.cxx.o] Error 1
make[3]: *** [cmTryCompileExec3891716387/fast] Error 2
make[3]: Leaving directory `/home/snr/Support/Plus-build-codeblocks/vtk-bin/CMakeFiles/CMakeTmp'

File /home/snr/Support/Plus-build-codeblocks/vtk-bin/CMakeFiles/CMakeTmp/CheckSymbolExists.cxx:
/* */
#include <QtCore/qglobal.h>

int main(int argc, char** argv)
{
  (void)argv;
#ifndef Q_WS_WIN
  return ((int*)(&Q_WS_WIN))[argc];
#else
  (void)argc;
  return 0;
#endif
}

Determining if the Q_WS_QWS exist failed with the following output:
Change Dir: /home/snr/Support/Plus-build-codeblocks/vtk-bin/CMakeFiles/CMakeTmp

Run Build Command:/usr/bin/make "cmTryCompileExec554492776/fast"
make[3]: Entering directory `/home/snr/Support/Plus-build-codeblocks/vtk-bin/CMakeFiles/CMakeTmp'
/usr/bin/make -f CMakeFiles/cmTryCompileExec554492776.dir/build.make CMakeFiles/cmTryCompileExec554492776.dir/build
make[4]: Entering directory `/home/snr/Support/Plus-build-codeblocks/vtk-bin/CMakeFiles/CMakeTmp'
/usr/bin/cmake -E cmake_progress_report /home/snr/Support/Plus-build-codeblocks/vtk-bin/CMakeFiles/CMakeTmp/CMakeFiles 1
Building CXX object CMakeFiles/cmTryCompileExec554492776.dir/CheckSymbolExists.cxx.o
/usr/bin/c++    -I/usr/include/qt4    -o CMakeFiles/cmTryCompileExec554492776.dir/CheckSymbolExists.cxx.o -c /home/snr/Support/Plus-build-codeblocks/vtk-bin/CMakeFiles/CMakeTmp/CheckSymbolExists.cxx
/home/snr/Support/Plus-build-codeblocks/vtk-bin/CMakeFiles/CMakeTmp/CheckSymbolExists.cxx: In function ‘int main(int, char**)’:
/home/snr/Support/Plus-build-codeblocks/vtk-bin/CMakeFiles/CMakeTmp/CheckSymbolExists.cxx:8:19: error: ‘Q_WS_QWS’ was not declared in this scope
   return ((int*)(&Q_WS_QWS))[argc];
                   ^
make[4]: Leaving directory `/home/snr/Support/Plus-build-codeblocks/vtk-bin/CMakeFiles/CMakeTmp'
make[4]: *** [CMakeFiles/cmTryCompileExec554492776.dir/CheckSymbolExists.cxx.o] Error 1
make[3]: *** [cmTryCompileExec554492776/fast] Error 2
make[3]: Leaving directory `/home/snr/Support/Plus-build-codeblocks/vtk-bin/CMakeFiles/CMakeTmp'

File /home/snr/Support/Plus-build-codeblocks/vtk-bin/CMakeFiles/CMakeTmp/CheckSymbolExists.cxx:
/* */
#include <QtCore/qglobal.h>

int main(int argc, char** argv)
{
  (void)argv;
#ifndef Q_WS_QWS
  return ((int*)(&Q_WS_QWS))[argc];
#else
  (void)argc;
  return 0;
#endif
}

Determining if the Q_WS_MAC exist failed with the following output:
Change Dir: /home/snr/Support/Plus-build-codeblocks/vtk-bin/CMakeFiles/CMakeTmp

Run Build Command:/usr/bin/make "cmTryCompileExec2439476940/fast"
make[3]: Entering directory `/home/snr/Support/Plus-build-codeblocks/vtk-bin/CMakeFiles/CMakeTmp'
/usr/bin/make -f CMakeFiles/cmTryCompileExec2439476940.dir/build.make CMakeFiles/cmTryCompileExec2439476940.dir/build
make[4]: Entering directory `/home/snr/Support/Plus-build-codeblocks/vtk-bin/CMakeFiles/CMakeTmp'
/usr/bin/cmake -E cmake_progress_report /home/snr/Support/Plus-build-codeblocks/vtk-bin/CMakeFiles/CMakeTmp/CMakeFiles 1
Building CXX object CMakeFiles/cmTryCompileExec2439476940.dir/CheckSymbolExists.cxx.o
/usr/bin/c++    -I/usr/include/qt4    -o CMakeFiles/cmTryCompileExec2439476940.dir/CheckSymbolExists.cxx.o -c /home/snr/Support/Plus-build-codeblocks/vtk-bin/CMakeFiles/CMakeTmp/CheckSymbolExists.cxx
/home/snr/Support/Plus-build-codeblocks/vtk-bin/CMakeFiles/CMakeTmp/CheckSymbolExists.cxx: In function ‘int main(int, char**)’:
/home/snr/Support/Plus-build-codeblocks/vtk-bin/CMakeFiles/CMakeTmp/CheckSymbolExists.cxx:8:19: error: ‘Q_WS_MAC’ was not declared in this scope
   return ((int*)(&Q_WS_MAC))[argc];
                   ^
make[4]: *** [CMakeFiles/cmTryCompileExec2439476940.dir/CheckSymbolExists.cxx.o] Error 1
make[4]: Leaving directory `/home/snr/Support/Plus-build-codeblocks/vtk-bin/CMakeFiles/CMakeTmp'
make[3]: *** [cmTryCompileExec2439476940/fast] Error 2
make[3]: Leaving directory `/home/snr/Support/Plus-build-codeblocks/vtk-bin/CMakeFiles/CMakeTmp'

File /home/snr/Support/Plus-build-codeblocks/vtk-bin/CMakeFiles/CMakeTmp/CheckSymbolExists.cxx:
/* */
#include <QtCore/qglobal.h>

int main(int argc, char** argv)
{
  (void)argv;
#ifndef Q_WS_MAC
  return ((int*)(&Q_WS_MAC))[argc];
#else
  (void)argc;
  return 0;
#endif
}

Determining if the function WSAStartup exists in the ws2_32;m;dl failed with the following output:
Change Dir: /home/snr/Support/Plus-build-codeblocks/vtk-bin/CMakeFiles/CMakeTmp

Run Build Command:/usr/bin/make "cmTryCompileExec30040307/fast"
make[3]: Entering directory `/home/snr/Support/Plus-build-codeblocks/vtk-bin/CMakeFiles/CMakeTmp'
/usr/bin/make -f CMakeFiles/cmTryCompileExec30040307.dir/build.make CMakeFiles/cmTryCompileExec30040307.dir/build
make[4]: Entering directory `/home/snr/Support/Plus-build-codeblocks/vtk-bin/CMakeFiles/CMakeTmp'
/usr/bin/cmake -E cmake_progress_report /home/snr/Support/Plus-build-codeblocks/vtk-bin/CMakeFiles/CMakeTmp/CMakeFiles 1
Building C object CMakeFiles/cmTryCompileExec30040307.dir/CheckFunctionExists.c.o
/usr/bin/cc   -w -w -DCHECK_FUNCTION_EXISTS=WSAStartup   -o CMakeFiles/cmTryCompileExec30040307.dir/CheckFunctionExists.c.o   -c /usr/share/cmake-2.8/Modules/CheckFunctionExists.c
Linking C executable cmTryCompileExec30040307
/usr/bin/cmake -E cmake_link_script CMakeFiles/cmTryCompileExec30040307.dir/link.txt --verbose=1
/usr/bin/cc     -w -w -DCHECK_FUNCTION_EXISTS=WSAStartup    CMakeFiles/cmTryCompileExec30040307.dir/CheckFunctionExists.c.o  -o cmTryCompileExec30040307 -rdynamic -lws2_32 -lm -ldl 
/usr/bin/ld: cannot find -lws2_32
collect2: error: ld returned 1 exit status
make[4]: Leaving directory `/home/snr/Support/Plus-build-codeblocks/vtk-bin/CMakeFiles/CMakeTmp'
make[4]: *** [cmTryCompileExec30040307] Error 1
make[3]: Leaving directory `/home/snr/Support/Plus-build-codeblocks/vtk-bin/CMakeFiles/CMakeTmp'
make[3]: *** [cmTryCompileExec30040307/fast] Error 2


Determining if the function gethostbyname exists in the wsock32;m;dl failed with the following output:
Change Dir: /home/snr/Support/Plus-build-codeblocks/vtk-bin/CMakeFiles/CMakeTmp

Run Build Command:/usr/bin/make "cmTryCompileExec398761748/fast"
make[3]: Entering directory `/home/snr/Support/Plus-build-codeblocks/vtk-bin/CMakeFiles/CMakeTmp'
/usr/bin/make -f CMakeFiles/cmTryCompileExec398761748.dir/build.make CMakeFiles/cmTryCompileExec398761748.dir/build
make[4]: Entering directory `/home/snr/Support/Plus-build-codeblocks/vtk-bin/CMakeFiles/CMakeTmp'
/usr/bin/cmake -E cmake_progress_report /home/snr/Support/Plus-build-codeblocks/vtk-bin/CMakeFiles/CMakeTmp/CMakeFiles 1
Building C object CMakeFiles/cmTryCompileExec398761748.dir/CheckFunctionExists.c.o
/usr/bin/cc   -w -w -DCHECK_FUNCTION_EXISTS=gethostbyname   -o CMakeFiles/cmTryCompileExec398761748.dir/CheckFunctionExists.c.o   -c /usr/share/cmake-2.8/Modules/CheckFunctionExists.c
Linking C executable cmTryCompileExec398761748
/usr/bin/cmake -E cmake_link_script CMakeFiles/cmTryCompileExec398761748.dir/link.txt --verbose=1
/usr/bin/cc     -w -w -DCHECK_FUNCTION_EXISTS=gethostbyname    CMakeFiles/cmTryCompileExec398761748.dir/CheckFunctionExists.c.o  -o cmTryCompileExec398761748 -rdynamic -lwsock32 -lm -ldl 
/usr/bin/ld: cannot find -lwsock32
collect2: error: ld returned 1 exit status
make[4]: *** [cmTryCompileExec398761748] Error 1
make[4]: Leaving directory `/home/snr/Support/Plus-build-codeblocks/vtk-bin/CMakeFiles/CMakeTmp'
make[3]: *** [cmTryCompileExec398761748/fast] Error 2
make[3]: Leaving directory `/home/snr/Support/Plus-build-codeblocks/vtk-bin/CMakeFiles/CMakeTmp'


Determining if the function gethostname exists in the ucb;m;dl failed with the following output:
Change Dir: /home/snr/Support/Plus-build-codeblocks/vtk-bin/CMakeFiles/CMakeTmp

Run Build Command:/usr/bin/make "cmTryCompileExec828894923/fast"
make[3]: Entering directory `/home/snr/Support/Plus-build-codeblocks/vtk-bin/CMakeFiles/CMakeTmp'
/usr/bin/make -f CMakeFiles/cmTryCompileExec828894923.dir/build.make CMakeFiles/cmTryCompileExec828894923.dir/build
make[4]: Entering directory `/home/snr/Support/Plus-build-codeblocks/vtk-bin/CMakeFiles/CMakeTmp'
/usr/bin/cmake -E cmake_progress_report /home/snr/Support/Plus-build-codeblocks/vtk-bin/CMakeFiles/CMakeTmp/CMakeFiles 1
Building C object CMakeFiles/cmTryCompileExec828894923.dir/CheckFunctionExists.c.o
/usr/bin/cc   -w -w -DCHECK_FUNCTION_EXISTS=gethostname   -o CMakeFiles/cmTryCompileExec828894923.dir/CheckFunctionExists.c.o   -c /usr/share/cmake-2.8/Modules/CheckFunctionExists.c
Linking C executable cmTryCompileExec828894923
/usr/bin/cmake -E cmake_link_script CMakeFiles/cmTryCompileExec828894923.dir/link.txt --verbose=1
/usr/bin/cc     -w -w -DCHECK_FUNCTION_EXISTS=gethostname    CMakeFiles/cmTryCompileExec828894923.dir/CheckFunctionExists.c.o  -o cmTryCompileExec828894923 -rdynamic -lucb -lm -ldl 
/usr/bin/ld: cannot find -lucb
collect2: error: ld returned 1 exit status
make[4]: Leaving directory `/home/snr/Support/Plus-build-codeblocks/vtk-bin/CMakeFiles/CMakeTmp'
make[4]: *** [cmTryCompileExec828894923] Error 1
make[3]: *** [cmTryCompileExec828894923/fast] Error 2
make[3]: Leaving directory `/home/snr/Support/Plus-build-codeblocks/vtk-bin/CMakeFiles/CMakeTmp'


Determining if the function connect exists in the socket;m;dl failed with the following output:
Change Dir: /home/snr/Support/Plus-build-codeblocks/vtk-bin/CMakeFiles/CMakeTmp

Run Build Command:/usr/bin/make "cmTryCompileExec2686083771/fast"
make[3]: Entering directory `/home/snr/Support/Plus-build-codeblocks/vtk-bin/CMakeFiles/CMakeTmp'
/usr/bin/make -f CMakeFiles/cmTryCompileExec2686083771.dir/build.make CMakeFiles/cmTryCompileExec2686083771.dir/build
make[4]: Entering directory `/home/snr/Support/Plus-build-codeblocks/vtk-bin/CMakeFiles/CMakeTmp'
/usr/bin/cmake -E cmake_progress_report /home/snr/Support/Plus-build-codeblocks/vtk-bin/CMakeFiles/CMakeTmp/CMakeFiles 1
Building C object CMakeFiles/cmTryCompileExec2686083771.dir/CheckFunctionExists.c.o
/usr/bin/cc   -w -w -DCHECK_FUNCTION_EXISTS=connect   -o CMakeFiles/cmTryCompileExec2686083771.dir/CheckFunctionExists.c.o   -c /usr/share/cmake-2.8/Modules/CheckFunctionExists.c
Linking C executable cmTryCompileExec2686083771
/usr/bin/cmake -E cmake_link_script CMakeFiles/cmTryCompileExec2686083771.dir/link.txt --verbose=1
/usr/bin/cc     -w -w -DCHECK_FUNCTION_EXISTS=connect    CMakeFiles/cmTryCompileExec2686083771.dir/CheckFunctionExists.c.o  -o cmTryCompileExec2686083771 -rdynamic -lsocket -lm -ldl 
/usr/bin/ld: cannot find -lsocket
collect2: error: ld returned 1 exit status
make[4]: *** [cmTryCompileExec2686083771] Error 1
make[4]: Leaving directory `/home/snr/Support/Plus-build-codeblocks/vtk-bin/CMakeFiles/CMakeTmp'
make[3]: *** [cmTryCompileExec2686083771/fast] Error 2
make[3]: Leaving directory `/home/snr/Support/Plus-build-codeblocks/vtk-bin/CMakeFiles/CMakeTmp'


Determining if the system is big endian passed with the following output:
Change Dir: /home/snr/Support/Plus-build-codeblocks/vtk-bin/CMakeFiles/CMakeTmp

Run Build Command:/usr/bin/make "cmTryCompileExec3842531043/fast"
make[3]: Entering directory `/home/snr/Support/Plus-build-codeblocks/vtk-bin/CMakeFiles/CMakeTmp'
/usr/bin/make -f CMakeFiles/cmTryCompileExec3842531043.dir/build.make CMakeFiles/cmTryCompileExec3842531043.dir/build
make[4]: Entering directory `/home/snr/Support/Plus-build-codeblocks/vtk-bin/CMakeFiles/CMakeTmp'
/usr/bin/cmake -E cmake_progress_report /home/snr/Support/Plus-build-codeblocks/vtk-bin/CMakeFiles/CMakeTmp/CMakeFiles 1
Building C object CMakeFiles/cmTryCompileExec3842531043.dir/TestEndianess.c.o
/usr/bin/cc   -w -w    -o CMakeFiles/cmTryCompileExec3842531043.dir/TestEndianess.c.o   -c /home/snr/Support/Plus-build-codeblocks/vtk-bin/CMakeFiles/CMakeTmp/TestEndianess.c
Linking C executable cmTryCompileExec3842531043
/usr/bin/cmake -E cmake_link_script CMakeFiles/cmTryCompileExec3842531043.dir/link.txt --verbose=1
/usr/bin/cc     -w -w     CMakeFiles/cmTryCompileExec3842531043.dir/TestEndianess.c.o  -o cmTryCompileExec3842531043 -rdynamic 
make[4]: Leaving directory `/home/snr/Support/Plus-build-codeblocks/vtk-bin/CMakeFiles/CMakeTmp'
make[3]: Leaving directory `/home/snr/Support/Plus-build-codeblocks/vtk-bin/CMakeFiles/CMakeTmp'

TestEndianess.c:
/* A 16 bit integer is required. */
typedef unsigned short cmakeint16;

/* On a little endian machine, these 16bit ints will give "THIS IS LITTLE ENDIAN."
   On a big endian machine the characters will be exchanged pairwise. */
const cmakeint16 info_little[] =  {0x4854, 0x5349, 0x4920, 0x2053, 0x494c, 0x5454, 0x454c, 0x4520, 0x444e, 0x4149, 0x2e4e, 0x0000};

/* on a big endian machine, these 16bit ints will give "THIS IS BIG ENDIAN."
   On a little endian machine the characters will be exchanged pairwise. */
const cmakeint16 info_big[] =     {0x5448, 0x4953, 0x2049, 0x5320, 0x4249, 0x4720, 0x454e, 0x4449, 0x414e, 0x2e2e, 0x0000};

#ifdef __CLASSIC_C__
int main(argc, argv) int argc; char *argv[];
#else
int main(int argc, char *argv[])
#endif
{
  int require = 0;
  require += info_little[argc];
  require += info_big[argc];
  (void)argv;
  return require;
}


Determining if the function clock_gettime exists in the posix4 failed with the following output:
Change Dir: /home/snr/Support/Plus-build-codeblocks/vtk-bin/CMakeFiles/CMakeTmp

Run Build Command:/usr/bin/make "cmTryCompileExec4007950911/fast"
make[3]: Entering directory `/home/snr/Support/Plus-build-codeblocks/vtk-bin/CMakeFiles/CMakeTmp'
/usr/bin/make -f CMakeFiles/cmTryCompileExec4007950911.dir/build.make CMakeFiles/cmTryCompileExec4007950911.dir/build
make[4]: Entering directory `/home/snr/Support/Plus-build-codeblocks/vtk-bin/CMakeFiles/CMakeTmp'
/usr/bin/cmake -E cmake_progress_report /home/snr/Support/Plus-build-codeblocks/vtk-bin/CMakeFiles/CMakeTmp/CMakeFiles 1
Building C object CMakeFiles/cmTryCompileExec4007950911.dir/CheckFunctionExists.c.o
/usr/bin/cc   -w -w -DCHECK_FUNCTION_EXISTS=clock_gettime   -o CMakeFiles/cmTryCompileExec4007950911.dir/CheckFunctionExists.c.o   -c /usr/share/cmake-2.8/Modules/CheckFunctionExists.c
Linking C executable cmTryCompileExec4007950911
/usr/bin/cmake -E cmake_link_script CMakeFiles/cmTryCompileExec4007950911.dir/link.txt --verbose=1
/usr/bin/cc     -w -w -DCHECK_FUNCTION_EXISTS=clock_gettime    CMakeFiles/cmTryCompileExec4007950911.dir/CheckFunctionExists.c.o  -o cmTryCompileExec4007950911 -rdynamic -lposix4 -lm -ldl 
/usr/bin/ld: cannot find -lposix4
collect2: error: ld returned 1 exit status
make[4]: *** [cmTryCompileExec4007950911] Error 1
make[4]: Leaving directory `/home/snr/Support/Plus-build-codeblocks/vtk-bin/CMakeFiles/CMakeTmp'
make[3]: *** [cmTryCompileExec4007950911/fast] Error 2
make[3]: Leaving directory `/home/snr/Support/Plus-build-codeblocks/vtk-bin/CMakeFiles/CMakeTmp'


Determining if files sys/resource.h;sys/time.h;unistd.h;sys/ioctl.h;sys/stat.h;sys/socket.h;sys/types.h;stddef.h;setjmp.h;features.h;dirent.h;stdint.h;mach/mach_time.h exist failed with the following output:
Change Dir: /home/snr/Support/Plus-build-codeblocks/vtk-bin/CMakeFiles/CMakeTmp

Run Build Command:/usr/bin/make "cmTryCompileExec3072309720/fast"
make[3]: Entering directory `/home/snr/Support/Plus-build-codeblocks/vtk-bin/CMakeFiles/CMakeTmp'
/usr/bin/make -f CMakeFiles/cmTryCompileExec3072309720.dir/build.make CMakeFiles/cmTryCompileExec3072309720.dir/build
make[4]: Entering directory `/home/snr/Support/Plus-build-codeblocks/vtk-bin/CMakeFiles/CMakeTmp'
/usr/bin/cmake -E cmake_progress_report /home/snr/Support/Plus-build-codeblocks/vtk-bin/CMakeFiles/CMakeTmp/CMakeFiles 1
Building C object CMakeFiles/cmTryCompileExec3072309720.dir/CheckIncludeFiles.c.o
/usr/bin/cc   -w -w    -o CMakeFiles/cmTryCompileExec3072309720.dir/CheckIncludeFiles.c.o   -c /home/snr/Support/Plus-build-codeblocks/vtk-bin/CMakeFiles/CMakeTmp/CheckIncludeFiles.c
/home/snr/Support/Plus-build-codeblocks/vtk-bin/CMakeFiles/CMakeTmp/CheckIncludeFiles.c:14:28: fatal error: mach/mach_time.h: No such file or directory
 #include <mach/mach_time.h>
                            ^
compilation terminated.
make[4]: *** [CMakeFiles/cmTryCompileExec3072309720.dir/CheckIncludeFiles.c.o] Error 1
make[4]: Leaving directory `/home/snr/Support/Plus-build-codeblocks/vtk-bin/CMakeFiles/CMakeTmp'
make[3]: *** [cmTryCompileExec3072309720/fast] Error 2
make[3]: Leaving directory `/home/snr/Support/Plus-build-codeblocks/vtk-bin/CMakeFiles/CMakeTmp'

Source:
/* */
#include <sys/resource.h>
#include <sys/time.h>
#include <unistd.h>
#include <sys/ioctl.h>
#include <sys/stat.h>
#include <sys/socket.h>
#include <sys/types.h>
#include <stddef.h>
#include <setjmp.h>
#include <features.h>
#include <dirent.h>
#include <stdint.h>
#include <mach/mach_time.h>


int main(){return 0;}

Determining if files sys/resource.h;sys/time.h;unistd.h;sys/ioctl.h;sys/stat.h;sys/socket.h;sys/types.h;stddef.h;setjmp.h;features.h;dirent.h;stdint.h;io.h exist failed with the following output:
Change Dir: /home/snr/Support/Plus-build-codeblocks/vtk-bin/CMakeFiles/CMakeTmp

Run Build Command:/usr/bin/make "cmTryCompileExec3347520421/fast"
make[3]: Entering directory `/home/snr/Support/Plus-build-codeblocks/vtk-bin/CMakeFiles/CMakeTmp'
/usr/bin/make -f CMakeFiles/cmTryCompileExec3347520421.dir/build.make CMakeFiles/cmTryCompileExec3347520421.dir/build
make[4]: Entering directory `/home/snr/Support/Plus-build-codeblocks/vtk-bin/CMakeFiles/CMakeTmp'
/usr/bin/cmake -E cmake_progress_report /home/snr/Support/Plus-build-codeblocks/vtk-bin/CMakeFiles/CMakeTmp/CMakeFiles 1
Building C object CMakeFiles/cmTryCompileExec3347520421.dir/CheckIncludeFiles.c.o
/usr/bin/cc   -w -w    -o CMakeFiles/cmTryCompileExec3347520421.dir/CheckIncludeFiles.c.o   -c /home/snr/Support/Plus-build-codeblocks/vtk-bin/CMakeFiles/CMakeTmp/CheckIncludeFiles.c
/home/snr/Support/Plus-build-codeblocks/vtk-bin/CMakeFiles/CMakeTmp/CheckIncludeFiles.c:14:16: fatal error: io.h: No such file or directory
 #include <io.h>
                ^
compilation terminated.
make[4]: Leaving directory `/home/snr/Support/Plus-build-codeblocks/vtk-bin/CMakeFiles/CMakeTmp'
make[4]: *** [CMakeFiles/cmTryCompileExec3347520421.dir/CheckIncludeFiles.c.o] Error 1
make[3]: *** [cmTryCompileExec3347520421/fast] Error 2
make[3]: Leaving directory `/home/snr/Support/Plus-build-codeblocks/vtk-bin/CMakeFiles/CMakeTmp'

Source:
/* */
#include <sys/resource.h>
#include <sys/time.h>
#include <unistd.h>
#include <sys/ioctl.h>
#include <sys/stat.h>
#include <sys/socket.h>
#include <sys/types.h>
#include <stddef.h>
#include <setjmp.h>
#include <features.h>
#include <dirent.h>
#include <stdint.h>
#include <io.h>


int main(){return 0;}

Determining if files sys/resource.h;sys/time.h;unistd.h;sys/ioctl.h;sys/stat.h;sys/socket.h;sys/types.h;stddef.h;setjmp.h;features.h;dirent.h;stdint.h;winsock2.h exist failed with the following output:
Change Dir: /home/snr/Support/Plus-build-codeblocks/vtk-bin/CMakeFiles/CMakeTmp

Run Build Command:/usr/bin/make "cmTryCompileExec3203184526/fast"
make[3]: Entering directory `/home/snr/Support/Plus-build-codeblocks/vtk-bin/CMakeFiles/CMakeTmp'
/usr/bin/make -f CMakeFiles/cmTryCompileExec3203184526.dir/build.make CMakeFiles/cmTryCompileExec3203184526.dir/build
make[4]: Entering directory `/home/snr/Support/Plus-build-codeblocks/vtk-bin/CMakeFiles/CMakeTmp'
/usr/bin/cmake -E cmake_progress_report /home/snr/Support/Plus-build-codeblocks/vtk-bin/CMakeFiles/CMakeTmp/CMakeFiles 1
Building C object CMakeFiles/cmTryCompileExec3203184526.dir/CheckIncludeFiles.c.o
/usr/bin/cc   -w -w    -o CMakeFiles/cmTryCompileExec3203184526.dir/CheckIncludeFiles.c.o   -c /home/snr/Support/Plus-build-codeblocks/vtk-bin/CMakeFiles/CMakeTmp/CheckIncludeFiles.c
/home/snr/Support/Plus-build-codeblocks/vtk-bin/CMakeFiles/CMakeTmp/CheckIncludeFiles.c:14:22: fatal error: winsock2.h: No such file or directory
 #include <winsock2.h>
                      ^
compilation terminated.
make[4]: *** [CMakeFiles/cmTryCompileExec3203184526.dir/CheckIncludeFiles.c.o] Error 1
make[4]: Leaving directory `/home/snr/Support/Plus-build-codeblocks/vtk-bin/CMakeFiles/CMakeTmp'
make[3]: *** [cmTryCompileExec3203184526/fast] Error 2
make[3]: Leaving directory `/home/snr/Support/Plus-build-codeblocks/vtk-bin/CMakeFiles/CMakeTmp'

Source:
/* */
#include <sys/resource.h>
#include <sys/time.h>
#include <unistd.h>
#include <sys/ioctl.h>
#include <sys/stat.h>
#include <sys/socket.h>
#include <sys/types.h>
#include <stddef.h>
#include <setjmp.h>
#include <features.h>
#include <dirent.h>
#include <stdint.h>
#include <winsock2.h>


int main(){return 0;}

Determining if files sys/resource.h;sys/time.h;unistd.h;sys/ioctl.h;sys/stat.h;sys/socket.h;sys/types.h;stddef.h;setjmp.h;features.h;dirent.h;stdint.h;sys/timeb.h;globus/common.h exist failed with the following output:
Change Dir: /home/snr/Support/Plus-build-codeblocks/vtk-bin/CMakeFiles/CMakeTmp

Run Build Command:/usr/bin/make "cmTryCompileExec2980372534/fast"
make[3]: Entering directory `/home/snr/Support/Plus-build-codeblocks/vtk-bin/CMakeFiles/CMakeTmp'
/usr/bin/make -f CMakeFiles/cmTryCompileExec2980372534.dir/build.make CMakeFiles/cmTryCompileExec2980372534.dir/build
make[4]: Entering directory `/home/snr/Support/Plus-build-codeblocks/vtk-bin/CMakeFiles/CMakeTmp'
/usr/bin/cmake -E cmake_progress_report /home/snr/Support/Plus-build-codeblocks/vtk-bin/CMakeFiles/CMakeTmp/CMakeFiles 1
Building C object CMakeFiles/cmTryCompileExec2980372534.dir/CheckIncludeFiles.c.o
/usr/bin/cc   -w -w    -o CMakeFiles/cmTryCompileExec2980372534.dir/CheckIncludeFiles.c.o   -c /home/snr/Support/Plus-build-codeblocks/vtk-bin/CMakeFiles/CMakeTmp/CheckIncludeFiles.c
/home/snr/Support/Plus-build-codeblocks/vtk-bin/CMakeFiles/CMakeTmp/CheckIncludeFiles.c:15:27: fatal error: globus/common.h: No such file or directory
 #include <globus/common.h>
                           ^
compilation terminated.
make[4]: *** [CMakeFiles/cmTryCompileExec2980372534.dir/CheckIncludeFiles.c.o] Error 1
make[4]: Leaving directory `/home/snr/Support/Plus-build-codeblocks/vtk-bin/CMakeFiles/CMakeTmp'
make[3]: *** [cmTryCompileExec2980372534/fast] Error 2
make[3]: Leaving directory `/home/snr/Support/Plus-build-codeblocks/vtk-bin/CMakeFiles/CMakeTmp'

Source:
/* */
#include <sys/resource.h>
#include <sys/time.h>
#include <unistd.h>
#include <sys/ioctl.h>
#include <sys/stat.h>
#include <sys/socket.h>
#include <sys/types.h>
#include <stddef.h>
#include <setjmp.h>
#include <features.h>
#include <dirent.h>
#include <stdint.h>
#include <sys/timeb.h>
#include <globus/common.h>


int main(){return 0;}

Determining if files sys/resource.h;sys/time.h;unistd.h;sys/ioctl.h;sys/stat.h;sys/socket.h;sys/types.h;stddef.h;setjmp.h;features.h;dirent.h;stdint.h;sys/timeb.h;pdb.h exist failed with the following output:
Change Dir: /home/snr/Support/Plus-build-codeblocks/vtk-bin/CMakeFiles/CMakeTmp

Run Build Command:/usr/bin/make "cmTryCompileExec1317386021/fast"
make[3]: Entering directory `/home/snr/Support/Plus-build-codeblocks/vtk-bin/CMakeFiles/CMakeTmp'
/usr/bin/make -f CMakeFiles/cmTryCompileExec1317386021.dir/build.make CMakeFiles/cmTryCompileExec1317386021.dir/build
make[4]: Entering directory `/home/snr/Support/Plus-build-codeblocks/vtk-bin/CMakeFiles/CMakeTmp'
/usr/bin/cmake -E cmake_progress_report /home/snr/Support/Plus-build-codeblocks/vtk-bin/CMakeFiles/CMakeTmp/CMakeFiles 1
Building C object CMakeFiles/cmTryCompileExec1317386021.dir/CheckIncludeFiles.c.o
/usr/bin/cc   -w -w    -o CMakeFiles/cmTryCompileExec1317386021.dir/CheckIncludeFiles.c.o   -c /home/snr/Support/Plus-build-codeblocks/vtk-bin/CMakeFiles/CMakeTmp/CheckIncludeFiles.c
/home/snr/Support/Plus-build-codeblocks/vtk-bin/CMakeFiles/CMakeTmp/CheckIncludeFiles.c:15:17: fatal error: pdb.h: No such file or directory
 #include <pdb.h>
                 ^
compilation terminated.
make[4]: *** [CMakeFiles/cmTryCompileExec1317386021.dir/CheckIncludeFiles.c.o] Error 1
make[4]: Leaving directory `/home/snr/Support/Plus-build-codeblocks/vtk-bin/CMakeFiles/CMakeTmp'
make[3]: *** [cmTryCompileExec1317386021/fast] Error 2
make[3]: Leaving directory `/home/snr/Support/Plus-build-codeblocks/vtk-bin/CMakeFiles/CMakeTmp'

Source:
/* */
#include <sys/resource.h>
#include <sys/time.h>
#include <unistd.h>
#include <sys/ioctl.h>
#include <sys/stat.h>
#include <sys/socket.h>
#include <sys/types.h>
#include <stddef.h>
#include <setjmp.h>
#include <features.h>
#include <dirent.h>
#include <stdint.h>
#include <sys/timeb.h>
#include <pdb.h>


int main(){return 0;}

Determining if files sys/resource.h;sys/time.h;unistd.h;sys/ioctl.h;sys/stat.h;sys/socket.h;sys/types.h;stddef.h;setjmp.h;features.h;dirent.h;stdint.h;sys/timeb.h;pthread.h;srbclient.h exist failed with the following output:
Change Dir: /home/snr/Support/Plus-build-codeblocks/vtk-bin/CMakeFiles/CMakeTmp

Run Build Command:/usr/bin/make "cmTryCompileExec524934141/fast"
make[3]: Entering directory `/home/snr/Support/Plus-build-codeblocks/vtk-bin/CMakeFiles/CMakeTmp'
/usr/bin/make -f CMakeFiles/cmTryCompileExec524934141.dir/build.make CMakeFiles/cmTryCompileExec524934141.dir/build
make[4]: Entering directory `/home/snr/Support/Plus-build-codeblocks/vtk-bin/CMakeFiles/CMakeTmp'
/usr/bin/cmake -E cmake_progress_report /home/snr/Support/Plus-build-codeblocks/vtk-bin/CMakeFiles/CMakeTmp/CMakeFiles 1
Building C object CMakeFiles/cmTryCompileExec524934141.dir/CheckIncludeFiles.c.o
/usr/bin/cc   -w -w    -o CMakeFiles/cmTryCompileExec524934141.dir/CheckIncludeFiles.c.o   -c /home/snr/Support/Plus-build-codeblocks/vtk-bin/CMakeFiles/CMakeTmp/CheckIncludeFiles.c
/home/snr/Support/Plus-build-codeblocks/vtk-bin/CMakeFiles/CMakeTmp/CheckIncludeFiles.c:16:23: fatal error: srbclient.h: No such file or directory
 #include <srbclient.h>
                       ^
compilation terminated.
make[4]: *** [CMakeFiles/cmTryCompileExec524934141.dir/CheckIncludeFiles.c.o] Error 1
make[4]: Leaving directory `/home/snr/Support/Plus-build-codeblocks/vtk-bin/CMakeFiles/CMakeTmp'
make[3]: *** [cmTryCompileExec524934141/fast] Error 2
make[3]: Leaving directory `/home/snr/Support/Plus-build-codeblocks/vtk-bin/CMakeFiles/CMakeTmp'

Source:
/* */
#include <sys/resource.h>
#include <sys/time.h>
#include <unistd.h>
#include <sys/ioctl.h>
#include <sys/stat.h>
#include <sys/socket.h>
#include <sys/types.h>
#include <stddef.h>
#include <setjmp.h>
#include <features.h>
#include <dirent.h>
#include <stdint.h>
#include <sys/timeb.h>
#include <pthread.h>
#include <srbclient.h>


int main(){return 0;}

Determining size of __int64 failed with the following output:
Change Dir: /home/snr/Support/Plus-build-codeblocks/vtk-bin/CMakeFiles/CMakeTmp

Run Build Command:/usr/bin/make "cmTryCompileExec2273177627/fast"
make[3]: Entering directory `/home/snr/Support/Plus-build-codeblocks/vtk-bin/CMakeFiles/CMakeTmp'
/usr/bin/make -f CMakeFiles/cmTryCompileExec2273177627.dir/build.make CMakeFiles/cmTryCompileExec2273177627.dir/build
make[4]: Entering directory `/home/snr/Support/Plus-build-codeblocks/vtk-bin/CMakeFiles/CMakeTmp'
/usr/bin/cmake -E cmake_progress_report /home/snr/Support/Plus-build-codeblocks/vtk-bin/CMakeFiles/CMakeTmp/CMakeFiles 1
Building C object CMakeFiles/cmTryCompileExec2273177627.dir/H5_SIZEOF___INT64.c.o
/usr/bin/cc  -D_BSD_SOURCE -D_DEFAULT_SOURCE -D_FILE_OFFSET_BITS=64 -D_LARGEFILE64_SOURCE -D_LARGEFILE_SOURCE -w -w    -o CMakeFiles/cmTryCompileExec2273177627.dir/H5_SIZEOF___INT64.c.o   -c /home/snr/Support/Plus-build-codeblocks/vtk-bin/CMakeFiles/CheckTypeSize/H5_SIZEOF___INT64.c
/home/snr/Support/Plus-build-codeblocks/vtk-bin/CMakeFiles/CheckTypeSize/H5_SIZEOF___INT64.c:17:22: error: ‘__int64’ undeclared here (not in a function)
 #define SIZE (sizeof(__int64))
                      ^
/home/snr/Support/Plus-build-codeblocks/vtk-bin/CMakeFiles/CheckTypeSize/H5_SIZEOF___INT64.c:19:12: note: in expansion of macro ‘SIZE’
   ('0' + ((SIZE / 10000)%10)),
            ^
make[4]: Leaving directory `/home/snr/Support/Plus-build-codeblocks/vtk-bin/CMakeFiles/CMakeTmp'
make[4]: *** [CMakeFiles/cmTryCompileExec2273177627.dir/H5_SIZEOF___INT64.c.o] Error 1
make[3]: *** [cmTryCompileExec2273177627/fast] Error 2
make[3]: Leaving directory `/home/snr/Support/Plus-build-codeblocks/vtk-bin/CMakeFiles/CMakeTmp'

/home/snr/Support/Plus-build-codeblocks/vtk-bin/CMakeFiles/CheckTypeSize/H5_SIZEOF___INT64.c:
#include <sys/types.h>
#include <stdint.h>
#include <stddef.h>


#undef KEY
#if defined(__i386)
# define KEY '_','_','i','3','8','6'
#elif defined(__x86_64)
# define KEY '_','_','x','8','6','_','6','4'
#elif defined(__ppc__)
# define KEY '_','_','p','p','c','_','_'
#elif defined(__ppc64__)
# define KEY '_','_','p','p','c','6','4','_','_'
#endif

#define SIZE (sizeof(__int64))
char info_size[] =  {'I', 'N', 'F', 'O', ':', 's','i','z','e','[',
  ('0' + ((SIZE / 10000)%10)),
  ('0' + ((SIZE / 1000)%10)),
  ('0' + ((SIZE / 100)%10)),
  ('0' + ((SIZE / 10)%10)),
  ('0' +  (SIZE    % 10)),
  ']',
#ifdef KEY
  ' ','k','e','y','[', KEY, ']',
#endif
  '\0'};

#ifdef __CLASSIC_C__
int main(argc, argv) int argc; char *argv[];
#else
int main(int argc, char *argv[])
#endif
{
  int require = 0;
  require += info_size[argc];
  (void)argv;
  return require;
}


Determining if the variable CLOCK_MONOTONIC exists failed with the following output:
Change Dir: /home/snr/Support/Plus-build-codeblocks/vtk-bin/CMakeFiles/CMakeTmp

Run Build Command:/usr/bin/make "cmTryCompileExec2342646541/fast"
make[3]: Entering directory `/home/snr/Support/Plus-build-codeblocks/vtk-bin/CMakeFiles/CMakeTmp'
/usr/bin/make -f CMakeFiles/cmTryCompileExec2342646541.dir/build.make CMakeFiles/cmTryCompileExec2342646541.dir/build
make[4]: Entering directory `/home/snr/Support/Plus-build-codeblocks/vtk-bin/CMakeFiles/CMakeTmp'
/usr/bin/cmake -E cmake_progress_report /home/snr/Support/Plus-build-codeblocks/vtk-bin/CMakeFiles/CMakeTmp/CMakeFiles 1
Building C object CMakeFiles/cmTryCompileExec2342646541.dir/CheckVariableExists.c.o
/usr/bin/cc  -D_BSD_SOURCE -D_DEFAULT_SOURCE -D_FILE_OFFSET_BITS=64 -D_LARGEFILE64_SOURCE -D_LARGEFILE_SOURCE -w -w -DCHECK_VARIABLE_EXISTS=CLOCK_MONOTONIC   -o CMakeFiles/cmTryCompileExec2342646541.dir/CheckVariableExists.c.o   -c /usr/share/cmake-2.8/Modules/CheckVariableExists.c
Linking C executable cmTryCompileExec2342646541
/usr/bin/cmake -E cmake_link_script CMakeFiles/cmTryCompileExec2342646541.dir/link.txt --verbose=1
/usr/bin/cc     -w -w -DCHECK_VARIABLE_EXISTS=CLOCK_MONOTONIC    CMakeFiles/cmTryCompileExec2342646541.dir/CheckVariableExists.c.o  -o cmTryCompileExec2342646541 -rdynamic -lm -ldl 
CMakeFiles/cmTryCompileExec2342646541.dir/CheckVariableExists.c.o: In function `main':
CheckVariableExists.c:(.text+0x25): undefined reference to `CLOCK_MONOTONIC'
collect2: error: ld returned 1 exit status
make[4]: *** [cmTryCompileExec2342646541] Error 1
make[4]: Leaving directory `/home/snr/Support/Plus-build-codeblocks/vtk-bin/CMakeFiles/CMakeTmp'
make[3]: *** [cmTryCompileExec2342646541/fast] Error 2
make[3]: Leaving directory `/home/snr/Support/Plus-build-codeblocks/vtk-bin/CMakeFiles/CMakeTmp'


Performing Other Test HAVE___TM_GMTOFF failed with the following output:
Change Dir: /home/snr/Support/Plus-build-codeblocks/vtk-bin/CMakeFiles/CMakeTmp

Run Build Command:/usr/bin/make "cmTryCompileExec676324199/fast"
make[3]: Entering directory `/home/snr/Support/Plus-build-codeblocks/vtk-bin/CMakeFiles/CMakeTmp'
/usr/bin/make -f CMakeFiles/cmTryCompileExec676324199.dir/build.make CMakeFiles/cmTryCompileExec676324199.dir/build
make[4]: Entering directory `/home/snr/Support/Plus-build-codeblocks/vtk-bin/CMakeFiles/CMakeTmp'
/usr/bin/cmake -E cmake_progress_report /home/snr/Support/Plus-build-codeblocks/vtk-bin/CMakeFiles/CMakeTmp/CMakeFiles 1
Building C object CMakeFiles/cmTryCompileExec676324199.dir/HDF5Tests.c.o
/usr/bin/cc   -w -w -DHAVE___TM_GMTOFF  -DHAVE_SYS_TIME_H -DHAVE_UNISTD_H -DHAVE_SYS_TYPES_H -DHAVE_SYS_SOCKET_H -D_FILE_OFFSET_BITS=64 -D_LARGEFILE64_SOURCE -D_LARGEFILE_SOURCE   -o CMakeFiles/cmTryCompileExec676324199.dir/HDF5Tests.c.o   -c /home/snr/Support/Plus-build-codeblocks/vtk/ThirdParty/hdf5/vtkhdf5/config/cmake/HDF5Tests.c
/home/snr/Support/Plus-build-codeblocks/vtk/ThirdParty/hdf5/vtkhdf5/config/cmake/HDF5Tests.c: In function ‘main’:
/home/snr/Support/Plus-build-codeblocks/vtk/ThirdParty/hdf5/vtkhdf5/config/cmake/HDF5Tests.c:191:29: error: ‘struct tm’ has no member named ‘__tm_gmtoff’
 SIMPLE_TEST(struct tm tm; tm.__tm_gmtoff=0);
                             ^
/home/snr/Support/Plus-build-codeblocks/vtk/ThirdParty/hdf5/vtkhdf5/config/cmake/HDF5Tests.c:1:36: note: in definition of macro ‘SIMPLE_TEST’
 #define SIMPLE_TEST(x) int main(){ x; return 0; }
                                    ^
make[4]: Leaving directory `/home/snr/Support/Plus-build-codeblocks/vtk-bin/CMakeFiles/CMakeTmp'
make[4]: *** [CMakeFiles/cmTryCompileExec676324199.dir/HDF5Tests.c.o] Error 1
make[3]: *** [cmTryCompileExec676324199/fast] Error 2
make[3]: Leaving directory `/home/snr/Support/Plus-build-codeblocks/vtk-bin/CMakeFiles/CMakeTmp'

Performing Other Test HAVE_STRUCT_VIDEOCONFIG failed with the following output:
Change Dir: /home/snr/Support/Plus-build-codeblocks/vtk-bin/CMakeFiles/CMakeTmp

Run Build Command:/usr/bin/make "cmTryCompileExec228456868/fast"
make[3]: Entering directory `/home/snr/Support/Plus-build-codeblocks/vtk-bin/CMakeFiles/CMakeTmp'
/usr/bin/make -f CMakeFiles/cmTryCompileExec228456868.dir/build.make CMakeFiles/cmTryCompileExec228456868.dir/build
make[4]: Entering directory `/home/snr/Support/Plus-build-codeblocks/vtk-bin/CMakeFiles/CMakeTmp'
/usr/bin/cmake -E cmake_progress_report /home/snr/Support/Plus-build-codeblocks/vtk-bin/CMakeFiles/CMakeTmp/CMakeFiles 1
Building C object CMakeFiles/cmTryCompileExec228456868.dir/HDF5Tests.c.o
/usr/bin/cc   -w -w -DHAVE_STRUCT_VIDEOCONFIG  -DHAVE_SYS_TIME_H -DHAVE_UNISTD_H -DHAVE_SYS_TYPES_H -DHAVE_SYS_SOCKET_H -D_FILE_OFFSET_BITS=64 -D_LARGEFILE64_SOURCE -D_LARGEFILE_SOURCE   -o CMakeFiles/cmTryCompileExec228456868.dir/HDF5Tests.c.o   -c /home/snr/Support/Plus-build-codeblocks/vtk/ThirdParty/hdf5/vtkhdf5/config/cmake/HDF5Tests.c
/home/snr/Support/Plus-build-codeblocks/vtk/ThirdParty/hdf5/vtkhdf5/config/cmake/HDF5Tests.c: In function ‘main’:
/home/snr/Support/Plus-build-codeblocks/vtk/ThirdParty/hdf5/vtkhdf5/config/cmake/HDF5Tests.c:460:32: error: storage size of ‘w’ isn’t known
 SIMPLE_TEST(struct videoconfig w; w.numtextcols=0);
                                ^
/home/snr/Support/Plus-build-codeblocks/vtk/ThirdParty/hdf5/vtkhdf5/config/cmake/HDF5Tests.c:1:36: note: in definition of macro ‘SIMPLE_TEST’
 #define SIMPLE_TEST(x) int main(){ x; return 0; }
                                    ^
make[4]: *** [CMakeFiles/cmTryCompileExec228456868.dir/HDF5Tests.c.o] Error 1
make[4]: Leaving directory `/home/snr/Support/Plus-build-codeblocks/vtk-bin/CMakeFiles/CMakeTmp'
make[3]: *** [cmTryCompileExec228456868/fast] Error 2
make[3]: Leaving directory `/home/snr/Support/Plus-build-codeblocks/vtk-bin/CMakeFiles/CMakeTmp'

Performing Other Test HAVE_STRUCT_TEXT_INFO failed with the following output:
Change Dir: /home/snr/Support/Plus-build-codeblocks/vtk-bin/CMakeFiles/CMakeTmp

Run Build Command:/usr/bin/make "cmTryCompileExec3032882581/fast"
make[3]: Entering directory `/home/snr/Support/Plus-build-codeblocks/vtk-bin/CMakeFiles/CMakeTmp'
/usr/bin/make -f CMakeFiles/cmTryCompileExec3032882581.dir/build.make CMakeFiles/cmTryCompileExec3032882581.dir/build
make[4]: Entering directory `/home/snr/Support/Plus-build-codeblocks/vtk-bin/CMakeFiles/CMakeTmp'
/usr/bin/cmake -E cmake_progress_report /home/snr/Support/Plus-build-codeblocks/vtk-bin/CMakeFiles/CMakeTmp/CMakeFiles 1
Building C object CMakeFiles/cmTryCompileExec3032882581.dir/HDF5Tests.c.o
/usr/bin/cc   -w -w -DHAVE_STRUCT_TEXT_INFO  -DHAVE_SYS_TIME_H -DHAVE_UNISTD_H -DHAVE_SYS_TYPES_H -DHAVE_SYS_SOCKET_H -D_FILE_OFFSET_BITS=64 -D_LARGEFILE64_SOURCE -D_LARGEFILE_SOURCE   -o CMakeFiles/cmTryCompileExec3032882581.dir/HDF5Tests.c.o   -c /home/snr/Support/Plus-build-codeblocks/vtk/ThirdParty/hdf5/vtkhdf5/config/cmake/HDF5Tests.c
/home/snr/Support/Plus-build-codeblocks/vtk/ThirdParty/hdf5/vtkhdf5/config/cmake/HDF5Tests.c: In function ‘main’:
/home/snr/Support/Plus-build-codeblocks/vtk/ThirdParty/hdf5/vtkhdf5/config/cmake/HDF5Tests.c:466:30: error: storage size of ‘w’ isn’t known
 SIMPLE_TEST(struct text_info w; w.screenwidth=0);
                              ^
/home/snr/Support/Plus-build-codeblocks/vtk/ThirdParty/hdf5/vtkhdf5/config/cmake/HDF5Tests.c:1:36: note: in definition of macro ‘SIMPLE_TEST’
 #define SIMPLE_TEST(x) int main(){ x; return 0; }
                                    ^
make[4]: *** [CMakeFiles/cmTryCompileExec3032882581.dir/HDF5Tests.c.o] Error 1
make[4]: Leaving directory `/home/snr/Support/Plus-build-codeblocks/vtk-bin/CMakeFiles/CMakeTmp'
make[3]: *** [cmTryCompileExec3032882581/fast] Error 2
make[3]: Leaving directory `/home/snr/Support/Plus-build-codeblocks/vtk-bin/CMakeFiles/CMakeTmp'

Determining if the function _getvideoconfig exists failed with the following output:
Change Dir: /home/snr/Support/Plus-build-codeblocks/vtk-bin/CMakeFiles/CMakeTmp

Run Build Command:/usr/bin/make "cmTryCompileExec1211763320/fast"
make[3]: Entering directory `/home/snr/Support/Plus-build-codeblocks/vtk-bin/CMakeFiles/CMakeTmp'
/usr/bin/make -f CMakeFiles/cmTryCompileExec1211763320.dir/build.make CMakeFiles/cmTryCompileExec1211763320.dir/build
make[4]: Entering directory `/home/snr/Support/Plus-build-codeblocks/vtk-bin/CMakeFiles/CMakeTmp'
/usr/bin/cmake -E cmake_progress_report /home/snr/Support/Plus-build-codeblocks/vtk-bin/CMakeFiles/CMakeTmp/CMakeFiles 1
Building C object CMakeFiles/cmTryCompileExec1211763320.dir/CheckFunctionExists.c.o
/usr/bin/cc  -D_BSD_SOURCE -D_DEFAULT_SOURCE -D_FILE_OFFSET_BITS=64 -D_LARGEFILE64_SOURCE -D_LARGEFILE_SOURCE -w -w -DCHECK_FUNCTION_EXISTS=_getvideoconfig   -o CMakeFiles/cmTryCompileExec1211763320.dir/CheckFunctionExists.c.o   -c /usr/share/cmake-2.8/Modules/CheckFunctionExists.c
Linking C executable cmTryCompileExec1211763320
/usr/bin/cmake -E cmake_link_script CMakeFiles/cmTryCompileExec1211763320.dir/link.txt --verbose=1
/usr/bin/cc     -w -w -DCHECK_FUNCTION_EXISTS=_getvideoconfig    CMakeFiles/cmTryCompileExec1211763320.dir/CheckFunctionExists.c.o  -o cmTryCompileExec1211763320 -rdynamic -lm -ldl 
CMakeFiles/cmTryCompileExec1211763320.dir/CheckFunctionExists.c.o: In function `main':
CheckFunctionExists.c:(.text+0x15): undefined reference to `_getvideoconfig'
collect2: error: ld returned 1 exit status
make[4]: Leaving directory `/home/snr/Support/Plus-build-codeblocks/vtk-bin/CMakeFiles/CMakeTmp'
make[4]: *** [cmTryCompileExec1211763320] Error 1
make[3]: *** [cmTryCompileExec1211763320/fast] Error 2
make[3]: Leaving directory `/home/snr/Support/Plus-build-codeblocks/vtk-bin/CMakeFiles/CMakeTmp'


Determining if the function gettextinfo exists failed with the following output:
Change Dir: /home/snr/Support/Plus-build-codeblocks/vtk-bin/CMakeFiles/CMakeTmp

Run Build Command:/usr/bin/make "cmTryCompileExec1744168271/fast"
make[3]: Entering directory `/home/snr/Support/Plus-build-codeblocks/vtk-bin/CMakeFiles/CMakeTmp'
/usr/bin/make -f CMakeFiles/cmTryCompileExec1744168271.dir/build.make CMakeFiles/cmTryCompileExec1744168271.dir/build
make[4]: Entering directory `/home/snr/Support/Plus-build-codeblocks/vtk-bin/CMakeFiles/CMakeTmp'
/usr/bin/cmake -E cmake_progress_report /home/snr/Support/Plus-build-codeblocks/vtk-bin/CMakeFiles/CMakeTmp/CMakeFiles 1
Building C object CMakeFiles/cmTryCompileExec1744168271.dir/CheckFunctionExists.c.o
/usr/bin/cc  -D_BSD_SOURCE -D_DEFAULT_SOURCE -D_FILE_OFFSET_BITS=64 -D_LARGEFILE64_SOURCE -D_LARGEFILE_SOURCE -w -w -DCHECK_FUNCTION_EXISTS=gettextinfo   -o CMakeFiles/cmTryCompileExec1744168271.dir/CheckFunctionExists.c.o   -c /usr/share/cmake-2.8/Modules/CheckFunctionExists.c
Linking C executable cmTryCompileExec1744168271
/usr/bin/cmake -E cmake_link_script CMakeFiles/cmTryCompileExec1744168271.dir/link.txt --verbose=1
/usr/bin/cc     -w -w -DCHECK_FUNCTION_EXISTS=gettextinfo    CMakeFiles/cmTryCompileExec1744168271.dir/CheckFunctionExists.c.o  -o cmTryCompileExec1744168271 -rdynamic -lm -ldl 
CMakeFiles/cmTryCompileExec1744168271.dir/CheckFunctionExists.c.o: In function `main':
CheckFunctionExists.c:(.text+0x15): undefined reference to `gettextinfo'
collect2: error: ld returned 1 exit status
make[4]: *** [cmTryCompileExec1744168271] Error 1
make[4]: Leaving directory `/home/snr/Support/Plus-build-codeblocks/vtk-bin/CMakeFiles/CMakeTmp'
make[3]: *** [cmTryCompileExec1744168271/fast] Error 2
make[3]: Leaving directory `/home/snr/Support/Plus-build-codeblocks/vtk-bin/CMakeFiles/CMakeTmp'


Determining if the function _scrsize exists failed with the following output:
Change Dir: /home/snr/Support/Plus-build-codeblocks/vtk-bin/CMakeFiles/CMakeTmp

Run Build Command:/usr/bin/make "cmTryCompileExec2331715886/fast"
make[3]: Entering directory `/home/snr/Support/Plus-build-codeblocks/vtk-bin/CMakeFiles/CMakeTmp'
/usr/bin/make -f CMakeFiles/cmTryCompileExec2331715886.dir/build.make CMakeFiles/cmTryCompileExec2331715886.dir/build
make[4]: Entering directory `/home/snr/Support/Plus-build-codeblocks/vtk-bin/CMakeFiles/CMakeTmp'
/usr/bin/cmake -E cmake_progress_report /home/snr/Support/Plus-build-codeblocks/vtk-bin/CMakeFiles/CMakeTmp/CMakeFiles 1
Building C object CMakeFiles/cmTryCompileExec2331715886.dir/CheckFunctionExists.c.o
/usr/bin/cc  -D_BSD_SOURCE -D_DEFAULT_SOURCE -D_FILE_OFFSET_BITS=64 -D_LARGEFILE64_SOURCE -D_LARGEFILE_SOURCE -w -w -DCHECK_FUNCTION_EXISTS=_scrsize   -o CMakeFiles/cmTryCompileExec2331715886.dir/CheckFunctionExists.c.o   -c /usr/share/cmake-2.8/Modules/CheckFunctionExists.c
Linking C executable cmTryCompileExec2331715886
/usr/bin/cmake -E cmake_link_script CMakeFiles/cmTryCompileExec2331715886.dir/link.txt --verbose=1
/usr/bin/cc     -w -w -DCHECK_FUNCTION_EXISTS=_scrsize    CMakeFiles/cmTryCompileExec2331715886.dir/CheckFunctionExists.c.o  -o cmTryCompileExec2331715886 -rdynamic -lm -ldl 
CMakeFiles/cmTryCompileExec2331715886.dir/CheckFunctionExists.c.o: In function `main':
CheckFunctionExists.c:(.text+0x15): undefined reference to `_scrsize'
collect2: error: ld returned 1 exit status
make[4]: *** [cmTryCompileExec2331715886] Error 1
make[4]: Leaving directory `/home/snr/Support/Plus-build-codeblocks/vtk-bin/CMakeFiles/CMakeTmp'
make[3]: *** [cmTryCompileExec2331715886/fast] Error 2
make[3]: Leaving directory `/home/snr/Support/Plus-build-codeblocks/vtk-bin/CMakeFiles/CMakeTmp'


Determining if the function GetConsoleScreenBufferInfo exists failed with the following output:
Change Dir: /home/snr/Support/Plus-build-codeblocks/vtk-bin/CMakeFiles/CMakeTmp

Run Build Command:/usr/bin/make "cmTryCompileExec652799984/fast"
make[3]: Entering directory `/home/snr/Support/Plus-build-codeblocks/vtk-bin/CMakeFiles/CMakeTmp'
/usr/bin/make -f CMakeFiles/cmTryCompileExec652799984.dir/build.make CMakeFiles/cmTryCompileExec652799984.dir/build
make[4]: Entering directory `/home/snr/Support/Plus-build-codeblocks/vtk-bin/CMakeFiles/CMakeTmp'
/usr/bin/cmake -E cmake_progress_report /home/snr/Support/Plus-build-codeblocks/vtk-bin/CMakeFiles/CMakeTmp/CMakeFiles 1
Building C object CMakeFiles/cmTryCompileExec652799984.dir/CheckFunctionExists.c.o
/usr/bin/cc  -D_BSD_SOURCE -D_DEFAULT_SOURCE -D_FILE_OFFSET_BITS=64 -D_LARGEFILE64_SOURCE -D_LARGEFILE_SOURCE -w -w -DCHECK_FUNCTION_EXISTS=GetConsoleScreenBufferInfo   -o CMakeFiles/cmTryCompileExec652799984.dir/CheckFunctionExists.c.o   -c /usr/share/cmake-2.8/Modules/CheckFunctionExists.c
Linking C executable cmTryCompileExec652799984
/usr/bin/cmake -E cmake_link_script CMakeFiles/cmTryCompileExec652799984.dir/link.txt --verbose=1
/usr/bin/cc     -w -w -DCHECK_FUNCTION_EXISTS=GetConsoleScreenBufferInfo    CMakeFiles/cmTryCompileExec652799984.dir/CheckFunctionExists.c.o  -o cmTryCompileExec652799984 -rdynamic -lm -ldl 
CMakeFiles/cmTryCompileExec652799984.dir/CheckFunctionExists.c.o: In function `main':
CheckFunctionExists.c:(.text+0x15): undefined reference to `GetConsoleScreenBufferInfo'
collect2: error: ld returned 1 exit status
make[4]: *** [cmTryCompileExec652799984] Error 1
make[4]: Leaving directory `/home/snr/Support/Plus-build-codeblocks/vtk-bin/CMakeFiles/CMakeTmp'
make[3]: *** [cmTryCompileExec652799984/fast] Error 2
make[3]: Leaving directory `/home/snr/Support/Plus-build-codeblocks/vtk-bin/CMakeFiles/CMakeTmp'


Determining if the function setsysinfo exists failed with the following output:
Change Dir: /home/snr/Support/Plus-build-codeblocks/vtk-bin/CMakeFiles/CMakeTmp

Run Build Command:/usr/bin/make "cmTryCompileExec2621874930/fast"
make[3]: Entering directory `/home/snr/Support/Plus-build-codeblocks/vtk-bin/CMakeFiles/CMakeTmp'
/usr/bin/make -f CMakeFiles/cmTryCompileExec2621874930.dir/build.make CMakeFiles/cmTryCompileExec2621874930.dir/build
make[4]: Entering directory `/home/snr/Support/Plus-build-codeblocks/vtk-bin/CMakeFiles/CMakeTmp'
/usr/bin/cmake -E cmake_progress_report /home/snr/Support/Plus-build-codeblocks/vtk-bin/CMakeFiles/CMakeTmp/CMakeFiles 1
Building C object CMakeFiles/cmTryCompileExec2621874930.dir/CheckFunctionExists.c.o
/usr/bin/cc  -D_BSD_SOURCE -D_DEFAULT_SOURCE -D_FILE_OFFSET_BITS=64 -D_LARGEFILE64_SOURCE -D_LARGEFILE_SOURCE -w -w -DCHECK_FUNCTION_EXISTS=setsysinfo   -o CMakeFiles/cmTryCompileExec2621874930.dir/CheckFunctionExists.c.o   -c /usr/share/cmake-2.8/Modules/CheckFunctionExists.c
Linking C executable cmTryCompileExec2621874930
/usr/bin/cmake -E cmake_link_script CMakeFiles/cmTryCompileExec2621874930.dir/link.txt --verbose=1
/usr/bin/cc     -w -w -DCHECK_FUNCTION_EXISTS=setsysinfo    CMakeFiles/cmTryCompileExec2621874930.dir/CheckFunctionExists.c.o  -o cmTryCompileExec2621874930 -rdynamic -lm -ldl 
CMakeFiles/cmTryCompileExec2621874930.dir/CheckFunctionExists.c.o: In function `main':
CheckFunctionExists.c:(.text+0x15): undefined reference to `setsysinfo'
collect2: error: ld returned 1 exit status
make[4]: *** [cmTryCompileExec2621874930] Error 1
make[4]: Leaving directory `/home/snr/Support/Plus-build-codeblocks/vtk-bin/CMakeFiles/CMakeTmp'
make[3]: *** [cmTryCompileExec2621874930/fast] Error 2
make[3]: Leaving directory `/home/snr/Support/Plus-build-codeblocks/vtk-bin/CMakeFiles/CMakeTmp'


Determining if the function sigsetjmp exists failed with the following output:
Change Dir: /home/snr/Support/Plus-build-codeblocks/vtk-bin/CMakeFiles/CMakeTmp

Run Build Command:/usr/bin/make "cmTryCompileExec3190329469/fast"
make[3]: Entering directory `/home/snr/Support/Plus-build-codeblocks/vtk-bin/CMakeFiles/CMakeTmp'
/usr/bin/make -f CMakeFiles/cmTryCompileExec3190329469.dir/build.make CMakeFiles/cmTryCompileExec3190329469.dir/build
make[4]: Entering directory `/home/snr/Support/Plus-build-codeblocks/vtk-bin/CMakeFiles/CMakeTmp'
/usr/bin/cmake -E cmake_progress_report /home/snr/Support/Plus-build-codeblocks/vtk-bin/CMakeFiles/CMakeTmp/CMakeFiles 1
Building C object CMakeFiles/cmTryCompileExec3190329469.dir/CheckFunctionExists.c.o
/usr/bin/cc  -D_BSD_SOURCE -D_DEFAULT_SOURCE -D_FILE_OFFSET_BITS=64 -D_LARGEFILE64_SOURCE -D_LARGEFILE_SOURCE -w -w -DCHECK_FUNCTION_EXISTS=sigsetjmp   -o CMakeFiles/cmTryCompileExec3190329469.dir/CheckFunctionExists.c.o   -c /usr/share/cmake-2.8/Modules/CheckFunctionExists.c
Linking C executable cmTryCompileExec3190329469
/usr/bin/cmake -E cmake_link_script CMakeFiles/cmTryCompileExec3190329469.dir/link.txt --verbose=1
/usr/bin/cc     -w -w -DCHECK_FUNCTION_EXISTS=sigsetjmp    CMakeFiles/cmTryCompileExec3190329469.dir/CheckFunctionExists.c.o  -o cmTryCompileExec3190329469 -rdynamic -lm -ldl 
CMakeFiles/cmTryCompileExec3190329469.dir/CheckFunctionExists.c.o: In function `main':
CheckFunctionExists.c:(.text+0x15): undefined reference to `sigsetjmp'
collect2: error: ld returned 1 exit status
make[4]: Leaving directory `/home/snr/Support/Plus-build-codeblocks/vtk-bin/CMakeFiles/CMakeTmp'
make[4]: *** [cmTryCompileExec3190329469] Error 1
make[3]: *** [cmTryCompileExec3190329469/fast] Error 2
make[3]: Leaving directory `/home/snr/Support/Plus-build-codeblocks/vtk-bin/CMakeFiles/CMakeTmp'


Performing CXX Test OLD_HEADER_FILENAME failed with the following output:
Change Dir: /home/snr/Support/Plus-build-codeblocks/vtk-bin/CMakeFiles/CMakeTmp

Run Build Command:/usr/bin/make "cmTryCompileExec3502776996/fast"
make[3]: Entering directory `/home/snr/Support/Plus-build-codeblocks/vtk-bin/CMakeFiles/CMakeTmp'
/usr/bin/make -f CMakeFiles/cmTryCompileExec3502776996.dir/build.make CMakeFiles/cmTryCompileExec3502776996.dir/build
make[4]: Entering directory `/home/snr/Support/Plus-build-codeblocks/vtk-bin/CMakeFiles/CMakeTmp'
/usr/bin/cmake -E cmake_progress_report /home/snr/Support/Plus-build-codeblocks/vtk-bin/CMakeFiles/CMakeTmp/CMakeFiles 1
Building CXX object CMakeFiles/cmTryCompileExec3502776996.dir/HDF5CXXTests.cpp.o
/usr/bin/c++    -w -w -DOLD_HEADER_FILENAME  -DHAVE_SYS_TIME_H -DHAVE_UNISTD_H -DHAVE_SYS_TYPES_H -DHAVE_SYS_SOCKET_H -D_FILE_OFFSET_BITS=64 -D_LARGEFILE64_SOURCE -D_LARGEFILE_SOURCE   -o CMakeFiles/cmTryCompileExec3502776996.dir/HDF5CXXTests.cpp.o -c /home/snr/Support/Plus-build-codeblocks/vtk/ThirdParty/hdf5/vtkhdf5/config/cmake/HDF5CXXTests.cpp
Linking CXX executable cmTryCompileExec3502776996
/usr/bin/cmake -E cmake_link_script CMakeFiles/cmTryCompileExec3502776996.dir/link.txt --verbose=1
/usr/bin/c++      -w -w -DOLD_HEADER_FILENAME  -DHAVE_SYS_TIME_H -DHAVE_UNISTD_H -DHAVE_SYS_TYPES_H -DHAVE_SYS_SOCKET_H -D_FILE_OFFSET_BITS=64 -D_LARGEFILE64_SOURCE -D_LARGEFILE_SOURCE    CMakeFiles/cmTryCompileExec3502776996.dir/HDF5CXXTests.cpp.o  -o cmTryCompileExec3502776996 -rdynamic -lm -ldl 
make[4]: Leaving directory `/home/snr/Support/Plus-build-codeblocks/vtk-bin/CMakeFiles/CMakeTmp'
make[3]: Leaving directory `/home/snr/Support/Plus-build-codeblocks/vtk-bin/CMakeFiles/CMakeTmp'

Performing CXX Test H5_NO_NAMESPACE failed with the following output:
Change Dir: /home/snr/Support/Plus-build-codeblocks/vtk-bin/CMakeFiles/CMakeTmp

Run Build Command:/usr/bin/make "cmTryCompileExec2284429101/fast"
make[3]: Entering directory `/home/snr/Support/Plus-build-codeblocks/vtk-bin/CMakeFiles/CMakeTmp'
/usr/bin/make -f CMakeFiles/cmTryCompileExec2284429101.dir/build.make CMakeFiles/cmTryCompileExec2284429101.dir/build
make[4]: Entering directory `/home/snr/Support/Plus-build-codeblocks/vtk-bin/CMakeFiles/CMakeTmp'
/usr/bin/cmake -E cmake_progress_report /home/snr/Support/Plus-build-codeblocks/vtk-bin/CMakeFiles/CMakeTmp/CMakeFiles 1
Building CXX object CMakeFiles/cmTryCompileExec2284429101.dir/HDF5CXXTests.cpp.o
/usr/bin/c++    -w -w -DH5_NO_NAMESPACE  -DHAVE_SYS_TIME_H -DHAVE_UNISTD_H -DHAVE_SYS_TYPES_H -DHAVE_SYS_SOCKET_H -D_FILE_OFFSET_BITS=64 -D_LARGEFILE64_SOURCE -D_LARGEFILE_SOURCE   -o CMakeFiles/cmTryCompileExec2284429101.dir/HDF5CXXTests.cpp.o -c /home/snr/Support/Plus-build-codeblocks/vtk/ThirdParty/hdf5/vtkhdf5/config/cmake/HDF5CXXTests.cpp
Linking CXX executable cmTryCompileExec2284429101
/usr/bin/cmake -E cmake_link_script CMakeFiles/cmTryCompileExec2284429101.dir/link.txt --verbose=1
/usr/bin/c++      -w -w -DH5_NO_NAMESPACE  -DHAVE_SYS_TIME_H -DHAVE_UNISTD_H -DHAVE_SYS_TYPES_H -DHAVE_SYS_SOCKET_H -D_FILE_OFFSET_BITS=64 -D_LARGEFILE64_SOURCE -D_LARGEFILE_SOURCE    CMakeFiles/cmTryCompileExec2284429101.dir/HDF5CXXTests.cpp.o  -o cmTryCompileExec2284429101 -rdynamic -lm -ldl 
make[4]: Leaving directory `/home/snr/Support/Plus-build-codeblocks/vtk-bin/CMakeFiles/CMakeTmp'
make[3]: Leaving directory `/home/snr/Support/Plus-build-codeblocks/vtk-bin/CMakeFiles/CMakeTmp'

Performing CXX Test H5_NO_STD failed with the following output:
Change Dir: /home/snr/Support/Plus-build-codeblocks/vtk-bin/CMakeFiles/CMakeTmp

Run Build Command:/usr/bin/make "cmTryCompileExec222603678/fast"
make[3]: Entering directory `/home/snr/Support/Plus-build-codeblocks/vtk-bin/CMakeFiles/CMakeTmp'
/usr/bin/make -f CMakeFiles/cmTryCompileExec222603678.dir/build.make CMakeFiles/cmTryCompileExec222603678.dir/build
make[4]: Entering directory `/home/snr/Support/Plus-build-codeblocks/vtk-bin/CMakeFiles/CMakeTmp'
/usr/bin/cmake -E cmake_progress_report /home/snr/Support/Plus-build-codeblocks/vtk-bin/CMakeFiles/CMakeTmp/CMakeFiles 1
Building CXX object CMakeFiles/cmTryCompileExec222603678.dir/HDF5CXXTests.cpp.o
/usr/bin/c++    -w -w -DH5_NO_STD  -DHAVE_SYS_TIME_H -DHAVE_UNISTD_H -DHAVE_SYS_TYPES_H -DHAVE_SYS_SOCKET_H -D_FILE_OFFSET_BITS=64 -D_LARGEFILE64_SOURCE -D_LARGEFILE_SOURCE   -o CMakeFiles/cmTryCompileExec222603678.dir/HDF5CXXTests.cpp.o -c /home/snr/Support/Plus-build-codeblocks/vtk/ThirdParty/hdf5/vtkhdf5/config/cmake/HDF5CXXTests.cpp
Linking CXX executable cmTryCompileExec222603678
/usr/bin/cmake -E cmake_link_script CMakeFiles/cmTryCompileExec222603678.dir/link.txt --verbose=1
/usr/bin/c++      -w -w -DH5_NO_STD  -DHAVE_SYS_TIME_H -DHAVE_UNISTD_H -DHAVE_SYS_TYPES_H -DHAVE_SYS_SOCKET_H -D_FILE_OFFSET_BITS=64 -D_LARGEFILE64_SOURCE -D_LARGEFILE_SOURCE    CMakeFiles/cmTryCompileExec222603678.dir/HDF5CXXTests.cpp.o  -o cmTryCompileExec222603678 -rdynamic -lm -ldl 
make[4]: Leaving directory `/home/snr/Support/Plus-build-codeblocks/vtk-bin/CMakeFiles/CMakeTmp'
make[3]: Leaving directory `/home/snr/Support/Plus-build-codeblocks/vtk-bin/CMakeFiles/CMakeTmp'

Performing CXX Test BOOL_NOTDEFINED failed with the following output:
Change Dir: /home/snr/Support/Plus-build-codeblocks/vtk-bin/CMakeFiles/CMakeTmp

Run Build Command:/usr/bin/make "cmTryCompileExec646728766/fast"
make[3]: Entering directory `/home/snr/Support/Plus-build-codeblocks/vtk-bin/CMakeFiles/CMakeTmp'
/usr/bin/make -f CMakeFiles/cmTryCompileExec646728766.dir/build.make CMakeFiles/cmTryCompileExec646728766.dir/build
make[4]: Entering directory `/home/snr/Support/Plus-build-codeblocks/vtk-bin/CMakeFiles/CMakeTmp'
/usr/bin/cmake -E cmake_progress_report /home/snr/Support/Plus-build-codeblocks/vtk-bin/CMakeFiles/CMakeTmp/CMakeFiles 1
Building CXX object CMakeFiles/cmTryCompileExec646728766.dir/HDF5CXXTests.cpp.o
/usr/bin/c++    -w -w -DBOOL_NOTDEFINED  -DHAVE_SYS_TIME_H -DHAVE_UNISTD_H -DHAVE_SYS_TYPES_H -DHAVE_SYS_SOCKET_H -D_FILE_OFFSET_BITS=64 -D_LARGEFILE64_SOURCE -D_LARGEFILE_SOURCE   -o CMakeFiles/cmTryCompileExec646728766.dir/HDF5CXXTests.cpp.o -c /home/snr/Support/Plus-build-codeblocks/vtk/ThirdParty/hdf5/vtkhdf5/config/cmake/HDF5CXXTests.cpp
Linking CXX executable cmTryCompileExec646728766
/usr/bin/cmake -E cmake_link_script CMakeFiles/cmTryCompileExec646728766.dir/link.txt --verbose=1
/usr/bin/c++      -w -w -DBOOL_NOTDEFINED  -DHAVE_SYS_TIME_H -DHAVE_UNISTD_H -DHAVE_SYS_TYPES_H -DHAVE_SYS_SOCKET_H -D_FILE_OFFSET_BITS=64 -D_LARGEFILE64_SOURCE -D_LARGEFILE_SOURCE    CMakeFiles/cmTryCompileExec646728766.dir/HDF5CXXTests.cpp.o  -o cmTryCompileExec646728766 -rdynamic -lm -ldl 
make[4]: Leaving directory `/home/snr/Support/Plus-build-codeblocks/vtk-bin/CMakeFiles/CMakeTmp'
make[3]: Leaving directory `/home/snr/Support/Plus-build-codeblocks/vtk-bin/CMakeFiles/CMakeTmp'

Performing CXX Test NO_STATIC_CAST failed with the following output:
Change Dir: /home/snr/Support/Plus-build-codeblocks/vtk-bin/CMakeFiles/CMakeTmp

Run Build Command:/usr/bin/make "cmTryCompileExec3512010058/fast"
make[3]: Entering directory `/home/snr/Support/Plus-build-codeblocks/vtk-bin/CMakeFiles/CMakeTmp'
/usr/bin/make -f CMakeFiles/cmTryCompileExec3512010058.dir/build.make CMakeFiles/cmTryCompileExec3512010058.dir/build
make[4]: Entering directory `/home/snr/Support/Plus-build-codeblocks/vtk-bin/CMakeFiles/CMakeTmp'
/usr/bin/cmake -E cmake_progress_report /home/snr/Support/Plus-build-codeblocks/vtk-bin/CMakeFiles/CMakeTmp/CMakeFiles 1
Building CXX object CMakeFiles/cmTryCompileExec3512010058.dir/HDF5CXXTests.cpp.o
/usr/bin/c++    -w -w -DNO_STATIC_CAST  -DHAVE_SYS_TIME_H -DHAVE_UNISTD_H -DHAVE_SYS_TYPES_H -DHAVE_SYS_SOCKET_H -D_FILE_OFFSET_BITS=64 -D_LARGEFILE64_SOURCE -D_LARGEFILE_SOURCE   -o CMakeFiles/cmTryCompileExec3512010058.dir/HDF5CXXTests.cpp.o -c /home/snr/Support/Plus-build-codeblocks/vtk/ThirdParty/hdf5/vtkhdf5/config/cmake/HDF5CXXTests.cpp
Linking CXX executable cmTryCompileExec3512010058
/usr/bin/cmake -E cmake_link_script CMakeFiles/cmTryCompileExec3512010058.dir/link.txt --verbose=1
/usr/bin/c++      -w -w -DNO_STATIC_CAST  -DHAVE_SYS_TIME_H -DHAVE_UNISTD_H -DHAVE_SYS_TYPES_H -DHAVE_SYS_SOCKET_H -D_FILE_OFFSET_BITS=64 -D_LARGEFILE64_SOURCE -D_LARGEFILE_SOURCE    CMakeFiles/cmTryCompileExec3512010058.dir/HDF5CXXTests.cpp.o  -o cmTryCompileExec3512010058 -rdynamic -lm -ldl 
make[4]: Leaving directory `/home/snr/Support/Plus-build-codeblocks/vtk-bin/CMakeFiles/CMakeTmp'
make[3]: Leaving directory `/home/snr/Support/Plus-build-codeblocks/vtk-bin/CMakeFiles/CMakeTmp'

Test H5_FP_TO_ULLONG_RIGHT_MAXIMUM Run failed with the following output and exit code:
 Change Dir: /home/snr/Support/Plus-build-codeblocks/vtk-bin/ThirdParty/hdf5/vtkhdf5/CMake/CMakeFiles/CMakeTmp

Run Build Command:/usr/bin/make "cmTryCompileExec1107323254/fast"
make[3]: Entering directory `/home/snr/Support/Plus-build-codeblocks/vtk-bin/ThirdParty/hdf5/vtkhdf5/CMake/CMakeFiles/CMakeTmp'
/usr/bin/make -f CMakeFiles/cmTryCompileExec1107323254.dir/build.make CMakeFiles/cmTryCompileExec1107323254.dir/build
make[4]: Entering directory `/home/snr/Support/Plus-build-codeblocks/vtk-bin/ThirdParty/hdf5/vtkhdf5/CMake/CMakeFiles/CMakeTmp'
/usr/bin/cmake -E cmake_progress_report /home/snr/Support/Plus-build-codeblocks/vtk-bin/ThirdParty/hdf5/vtkhdf5/CMake/CMakeFiles/CMakeTmp/CMakeFiles 1
Building C object CMakeFiles/cmTryCompileExec1107323254.dir/ConversionTests.c.o
/usr/bin/cc   -w -w -DH5_FP_TO_ULLONG_RIGHT_MAXIMUM_TEST   -o CMakeFiles/cmTryCompileExec1107323254.dir/ConversionTests.c.o   -c /home/snr/Support/Plus-build-codeblocks/vtk/ThirdParty/hdf5/vtkhdf5/config/cmake/ConversionTests.c
Linking C executable cmTryCompileExec1107323254
/usr/bin/cmake -E cmake_link_script CMakeFiles/cmTryCompileExec1107323254.dir/link.txt --verbose=1
/usr/bin/cc     -w -w -DH5_FP_TO_ULLONG_RIGHT_MAXIMUM_TEST    CMakeFiles/cmTryCompileExec1107323254.dir/ConversionTests.c.o  -o cmTryCompileExec1107323254 -rdynamic 
make[4]: Leaving directory `/home/snr/Support/Plus-build-codeblocks/vtk-bin/ThirdParty/hdf5/vtkhdf5/CMake/CMakeFiles/CMakeTmp'
make[3]: Leaving directory `/home/snr/Support/Plus-build-codeblocks/vtk-bin/ThirdParty/hdf5/vtkhdf5/CMake/CMakeFiles/CMakeTmp'

Determining size of uchar failed with the following output:
Change Dir: /home/snr/Support/Plus-build-codeblocks/vtk-bin/CMakeFiles/CMakeTmp

Run Build Command:/usr/bin/make "cmTryCompileExec2828385915/fast"
make[3]: Entering directory `/home/snr/Support/Plus-build-codeblocks/vtk-bin/CMakeFiles/CMakeTmp'
/usr/bin/make -f CMakeFiles/cmTryCompileExec2828385915.dir/build.make CMakeFiles/cmTryCompileExec2828385915.dir/build
make[4]: Entering directory `/home/snr/Support/Plus-build-codeblocks/vtk-bin/CMakeFiles/CMakeTmp'
/usr/bin/cmake -E cmake_progress_report /home/snr/Support/Plus-build-codeblocks/vtk-bin/CMakeFiles/CMakeTmp/CMakeFiles 1
Building C object CMakeFiles/cmTryCompileExec2828385915.dir/SIZEOF_UCHAR.c.o
/usr/bin/cc   -w -w    -o CMakeFiles/cmTryCompileExec2828385915.dir/SIZEOF_UCHAR.c.o   -c /home/snr/Support/Plus-build-codeblocks/vtk-bin/CMakeFiles/CheckTypeSize/SIZEOF_UCHAR.c
/home/snr/Support/Plus-build-codeblocks/vtk-bin/CMakeFiles/CheckTypeSize/SIZEOF_UCHAR.c:17:22: error: ‘uchar’ undeclared here (not in a function)
 #define SIZE (sizeof(uchar))
                      ^
/home/snr/Support/Plus-build-codeblocks/vtk-bin/CMakeFiles/CheckTypeSize/SIZEOF_UCHAR.c:19:12: note: in expansion of macro ‘SIZE’
   ('0' + ((SIZE / 10000)%10)),
            ^
make[4]: *** [CMakeFiles/cmTryCompileExec2828385915.dir/SIZEOF_UCHAR.c.o] Error 1
make[4]: Leaving directory `/home/snr/Support/Plus-build-codeblocks/vtk-bin/CMakeFiles/CMakeTmp'
make[3]: *** [cmTryCompileExec2828385915/fast] Error 2
make[3]: Leaving directory `/home/snr/Support/Plus-build-codeblocks/vtk-bin/CMakeFiles/CMakeTmp'

/home/snr/Support/Plus-build-codeblocks/vtk-bin/CMakeFiles/CheckTypeSize/SIZEOF_UCHAR.c:
#include <sys/types.h>
#include <stdint.h>
#include <stddef.h>


#undef KEY
#if defined(__i386)
# define KEY '_','_','i','3','8','6'
#elif defined(__x86_64)
# define KEY '_','_','x','8','6','_','6','4'
#elif defined(__ppc__)
# define KEY '_','_','p','p','c','_','_'
#elif defined(__ppc64__)
# define KEY '_','_','p','p','c','6','4','_','_'
#endif

#define SIZE (sizeof(uchar))
char info_size[] =  {'I', 'N', 'F', 'O', ':', 's','i','z','e','[',
  ('0' + ((SIZE / 10000)%10)),
  ('0' + ((SIZE / 1000)%10)),
  ('0' + ((SIZE / 100)%10)),
  ('0' + ((SIZE / 10)%10)),
  ('0' +  (SIZE    % 10)),
  ']',
#ifdef KEY
  ' ','k','e','y','[', KEY, ']',
#endif
  '\0'};

#ifdef __CLASSIC_C__
int main(argc, argv) int argc; char *argv[];
#else
int main(int argc, char *argv[])
#endif
{
  int require = 0;
  require += info_size[argc];
  (void)argv;
  return require;
}


Determining if the function shl_load exists in the dld;dl failed with the following output:
Change Dir: /home/snr/Support/Plus-build-codeblocks/vtk-bin/CMakeFiles/CMakeTmp

Run Build Command:/usr/bin/make "cmTryCompileExec3690143388/fast"
make[3]: Entering directory `/home/snr/Support/Plus-build-codeblocks/vtk-bin/CMakeFiles/CMakeTmp'
/usr/bin/make -f CMakeFiles/cmTryCompileExec3690143388.dir/build.make CMakeFiles/cmTryCompileExec3690143388.dir/build
make[4]: Entering directory `/home/snr/Support/Plus-build-codeblocks/vtk-bin/CMakeFiles/CMakeTmp'
/usr/bin/cmake -E cmake_progress_report /home/snr/Support/Plus-build-codeblocks/vtk-bin/CMakeFiles/CMakeTmp/CMakeFiles 1
Building C object CMakeFiles/cmTryCompileExec3690143388.dir/CheckFunctionExists.c.o
/usr/bin/cc   -w -w -DCHECK_FUNCTION_EXISTS=shl_load   -o CMakeFiles/cmTryCompileExec3690143388.dir/CheckFunctionExists.c.o   -c /usr/share/cmake-2.8/Modules/CheckFunctionExists.c
Linking C executable cmTryCompileExec3690143388
/usr/bin/cmake -E cmake_link_script CMakeFiles/cmTryCompileExec3690143388.dir/link.txt --verbose=1
/usr/bin/cc     -w -w -DCHECK_FUNCTION_EXISTS=shl_load    CMakeFiles/cmTryCompileExec3690143388.dir/CheckFunctionExists.c.o  -o cmTryCompileExec3690143388 -rdynamic -ldld -ldl 
/usr/bin/ld: cannot find -ldld
collect2: error: ld returned 1 exit status
make[4]: *** [cmTryCompileExec3690143388] Error 1
make[4]: Leaving directory `/home/snr/Support/Plus-build-codeblocks/vtk-bin/CMakeFiles/CMakeTmp'
make[3]: *** [cmTryCompileExec3690143388/fast] Error 2
make[3]: Leaving directory `/home/snr/Support/Plus-build-codeblocks/vtk-bin/CMakeFiles/CMakeTmp'


Determining if files stdio.h;stddef.h;sys/types.h;inttypes.h;dlfcn.h;fcntl.h;malloc.h;memory.h;netdb.h;limits.h;sys/socket.h;netinet/in.h;sys/select.h;stdint.h;stdlib.h;string.h;strings.h;sys/stat.h;sys/time.h;time.h;unistd.h;signal.h;errno.h;ansidecl.h exist failed with the following output:
Change Dir: /home/snr/Support/Plus-build-codeblocks/vtk-bin/CMakeFiles/CMakeTmp

Run Build Command:/usr/bin/make "cmTryCompileExec2818466269/fast"
make[3]: Entering directory `/home/snr/Support/Plus-build-codeblocks/vtk-bin/CMakeFiles/CMakeTmp'
/usr/bin/make -f CMakeFiles/cmTryCompileExec2818466269.dir/build.make CMakeFiles/cmTryCompileExec2818466269.dir/build
make[4]: Entering directory `/home/snr/Support/Plus-build-codeblocks/vtk-bin/CMakeFiles/CMakeTmp'
/usr/bin/cmake -E cmake_progress_report /home/snr/Support/Plus-build-codeblocks/vtk-bin/CMakeFiles/CMakeTmp/CMakeFiles 1
Building C object CMakeFiles/cmTryCompileExec2818466269.dir/CheckIncludeFiles.c.o
/usr/bin/cc  -D_GNU_SOURCE -w -w    -o CMakeFiles/cmTryCompileExec2818466269.dir/CheckIncludeFiles.c.o   -c /home/snr/Support/Plus-build-codeblocks/vtk-bin/CMakeFiles/CMakeTmp/CheckIncludeFiles.c
/home/snr/Support/Plus-build-codeblocks/vtk-bin/CMakeFiles/CMakeTmp/CheckIncludeFiles.c:25:22: fatal error: ansidecl.h: No such file or directory
 #include <ansidecl.h>
                      ^
compilation terminated.
make[4]: *** [CMakeFiles/cmTryCompileExec2818466269.dir/CheckIncludeFiles.c.o] Error 1
make[4]: Leaving directory `/home/snr/Support/Plus-build-codeblocks/vtk-bin/CMakeFiles/CMakeTmp'
make[3]: *** [cmTryCompileExec2818466269/fast] Error 2
make[3]: Leaving directory `/home/snr/Support/Plus-build-codeblocks/vtk-bin/CMakeFiles/CMakeTmp'

Source:
/* */
#include <stdio.h>
#include <stddef.h>
#include <sys/types.h>
#include <inttypes.h>
#include <dlfcn.h>
#include <fcntl.h>
#include <malloc.h>
#include <memory.h>
#include <netdb.h>
#include <limits.h>
#include <sys/socket.h>
#include <netinet/in.h>
#include <sys/select.h>
#include <stdint.h>
#include <stdlib.h>
#include <string.h>
#include <strings.h>
#include <sys/stat.h>
#include <sys/time.h>
#include <time.h>
#include <unistd.h>
#include <signal.h>
#include <errno.h>
#include <ansidecl.h>


int main(){return 0;}

Determining if files stdio.h;stddef.h;sys/types.h;inttypes.h;dlfcn.h;fcntl.h;malloc.h;memory.h;netdb.h;limits.h;sys/socket.h;netinet/in.h;sys/select.h;stdint.h;stdlib.h;string.h;strings.h;sys/stat.h;sys/time.h;time.h;unistd.h;signal.h;errno.h;arpa/inet.h;arpa/nameser.h;ctype.h;dirent.h;dl.h exist failed with the following output:
Change Dir: /home/snr/Support/Plus-build-codeblocks/vtk-bin/CMakeFiles/CMakeTmp

Run Build Command:/usr/bin/make "cmTryCompileExec3390060622/fast"
make[3]: Entering directory `/home/snr/Support/Plus-build-codeblocks/vtk-bin/CMakeFiles/CMakeTmp'
/usr/bin/make -f CMakeFiles/cmTryCompileExec3390060622.dir/build.make CMakeFiles/cmTryCompileExec3390060622.dir/build
make[4]: Entering directory `/home/snr/Support/Plus-build-codeblocks/vtk-bin/CMakeFiles/CMakeTmp'
/usr/bin/cmake -E cmake_progress_report /home/snr/Support/Plus-build-codeblocks/vtk-bin/CMakeFiles/CMakeTmp/CMakeFiles 1
Building C object CMakeFiles/cmTryCompileExec3390060622.dir/CheckIncludeFiles.c.o
/usr/bin/cc  -D_GNU_SOURCE -w -w    -o CMakeFiles/cmTryCompileExec3390060622.dir/CheckIncludeFiles.c.o   -c /home/snr/Support/Plus-build-codeblocks/vtk-bin/CMakeFiles/CMakeTmp/CheckIncludeFiles.c
/home/snr/Support/Plus-build-codeblocks/vtk-bin/CMakeFiles/CMakeTmp/CheckIncludeFiles.c:29:16: fatal error: dl.h: No such file or directory
 #include <dl.h>
                ^
compilation terminated.
make[4]: Leaving directory `/home/snr/Support/Plus-build-codeblocks/vtk-bin/CMakeFiles/CMakeTmp'
make[4]: *** [CMakeFiles/cmTryCompileExec3390060622.dir/CheckIncludeFiles.c.o] Error 1
make[3]: *** [cmTryCompileExec3390060622/fast] Error 2
make[3]: Leaving directory `/home/snr/Support/Plus-build-codeblocks/vtk-bin/CMakeFiles/CMakeTmp'

Source:
/* */
#include <stdio.h>
#include <stddef.h>
#include <sys/types.h>
#include <inttypes.h>
#include <dlfcn.h>
#include <fcntl.h>
#include <malloc.h>
#include <memory.h>
#include <netdb.h>
#include <limits.h>
#include <sys/socket.h>
#include <netinet/in.h>
#include <sys/select.h>
#include <stdint.h>
#include <stdlib.h>
#include <string.h>
#include <strings.h>
#include <sys/stat.h>
#include <sys/time.h>
#include <time.h>
#include <unistd.h>
#include <signal.h>
#include <errno.h>
#include <arpa/inet.h>
#include <arpa/nameser.h>
#include <ctype.h>
#include <dirent.h>
#include <dl.h>


int main(){return 0;}

Determining if files stdio.h;stddef.h;sys/types.h;inttypes.h;dlfcn.h;fcntl.h;malloc.h;memory.h;netdb.h;limits.h;sys/socket.h;netinet/in.h;sys/select.h;stdint.h;stdlib.h;string.h;strings.h;sys/stat.h;sys/time.h;time.h;unistd.h;signal.h;errno.h;arpa/inet.h;arpa/nameser.h;ctype.h;dirent.h;float.h;fp_class.h exist failed with the following output:
Change Dir: /home/snr/Support/Plus-build-codeblocks/vtk-bin/CMakeFiles/CMakeTmp

Run Build Command:/usr/bin/make "cmTryCompileExec1853347249/fast"
make[3]: Entering directory `/home/snr/Support/Plus-build-codeblocks/vtk-bin/CMakeFiles/CMakeTmp'
/usr/bin/make -f CMakeFiles/cmTryCompileExec1853347249.dir/build.make CMakeFiles/cmTryCompileExec1853347249.dir/build
make[4]: Entering directory `/home/snr/Support/Plus-build-codeblocks/vtk-bin/CMakeFiles/CMakeTmp'
/usr/bin/cmake -E cmake_progress_report /home/snr/Support/Plus-build-codeblocks/vtk-bin/CMakeFiles/CMakeTmp/CMakeFiles 1
Building C object CMakeFiles/cmTryCompileExec1853347249.dir/CheckIncludeFiles.c.o
/usr/bin/cc  -D_GNU_SOURCE -w -w    -o CMakeFiles/cmTryCompileExec1853347249.dir/CheckIncludeFiles.c.o   -c /home/snr/Support/Plus-build-codeblocks/vtk-bin/CMakeFiles/CMakeTmp/CheckIncludeFiles.c
/home/snr/Support/Plus-build-codeblocks/vtk-bin/CMakeFiles/CMakeTmp/CheckIncludeFiles.c:30:22: fatal error: fp_class.h: No such file or directory
 #include <fp_class.h>
                      ^
compilation terminated.
make[4]: *** [CMakeFiles/cmTryCompileExec1853347249.dir/CheckIncludeFiles.c.o] Error 1
make[4]: Leaving directory `/home/snr/Support/Plus-build-codeblocks/vtk-bin/CMakeFiles/CMakeTmp'
make[3]: *** [cmTryCompileExec1853347249/fast] Error 2
make[3]: Leaving directory `/home/snr/Support/Plus-build-codeblocks/vtk-bin/CMakeFiles/CMakeTmp'

Source:
/* */
#include <stdio.h>
#include <stddef.h>
#include <sys/types.h>
#include <inttypes.h>
#include <dlfcn.h>
#include <fcntl.h>
#include <malloc.h>
#include <memory.h>
#include <netdb.h>
#include <limits.h>
#include <sys/socket.h>
#include <netinet/in.h>
#include <sys/select.h>
#include <stdint.h>
#include <stdlib.h>
#include <string.h>
#include <strings.h>
#include <sys/stat.h>
#include <sys/time.h>
#include <time.h>
#include <unistd.h>
#include <signal.h>
#include <errno.h>
#include <arpa/inet.h>
#include <arpa/nameser.h>
#include <ctype.h>
#include <dirent.h>
#include <float.h>
#include <fp_class.h>


int main(){return 0;}

Determining if files stdio.h;stddef.h;sys/types.h;inttypes.h;dlfcn.h;fcntl.h;malloc.h;memory.h;netdb.h;limits.h;sys/socket.h;netinet/in.h;sys/select.h;stdint.h;stdlib.h;string.h;strings.h;sys/stat.h;sys/time.h;time.h;unistd.h;signal.h;errno.h;arpa/inet.h;arpa/nameser.h;ctype.h;dirent.h;float.h;math.h;nan.h exist failed with the following output:
Change Dir: /home/snr/Support/Plus-build-codeblocks/vtk-bin/CMakeFiles/CMakeTmp

Run Build Command:/usr/bin/make "cmTryCompileExec2396135389/fast"
make[3]: Entering directory `/home/snr/Support/Plus-build-codeblocks/vtk-bin/CMakeFiles/CMakeTmp'
/usr/bin/make -f CMakeFiles/cmTryCompileExec2396135389.dir/build.make CMakeFiles/cmTryCompileExec2396135389.dir/build
make[4]: Entering directory `/home/snr/Support/Plus-build-codeblocks/vtk-bin/CMakeFiles/CMakeTmp'
/usr/bin/cmake -E cmake_progress_report /home/snr/Support/Plus-build-codeblocks/vtk-bin/CMakeFiles/CMakeTmp/CMakeFiles 1
Building C object CMakeFiles/cmTryCompileExec2396135389.dir/CheckIncludeFiles.c.o
/usr/bin/cc  -D_GNU_SOURCE -w -w    -o CMakeFiles/cmTryCompileExec2396135389.dir/CheckIncludeFiles.c.o   -c /home/snr/Support/Plus-build-codeblocks/vtk-bin/CMakeFiles/CMakeTmp/CheckIncludeFiles.c
/home/snr/Support/Plus-build-codeblocks/vtk-bin/CMakeFiles/CMakeTmp/CheckIncludeFiles.c:31:17: fatal error: nan.h: No such file or directory
 #include <nan.h>
                 ^
compilation terminated.
make[4]: *** [CMakeFiles/cmTryCompileExec2396135389.dir/CheckIncludeFiles.c.o] Error 1
make[4]: Leaving directory `/home/snr/Support/Plus-build-codeblocks/vtk-bin/CMakeFiles/CMakeTmp'
make[3]: *** [cmTryCompileExec2396135389/fast] Error 2
make[3]: Leaving directory `/home/snr/Support/Plus-build-codeblocks/vtk-bin/CMakeFiles/CMakeTmp'

Source:
/* */
#include <stdio.h>
#include <stddef.h>
#include <sys/types.h>
#include <inttypes.h>
#include <dlfcn.h>
#include <fcntl.h>
#include <malloc.h>
#include <memory.h>
#include <netdb.h>
#include <limits.h>
#include <sys/socket.h>
#include <netinet/in.h>
#include <sys/select.h>
#include <stdint.h>
#include <stdlib.h>
#include <string.h>
#include <strings.h>
#include <sys/stat.h>
#include <sys/time.h>
#include <time.h>
#include <unistd.h>
#include <signal.h>
#include <errno.h>
#include <arpa/inet.h>
#include <arpa/nameser.h>
#include <ctype.h>
#include <dirent.h>
#include <float.h>
#include <math.h>
#include <nan.h>


int main(){return 0;}

Determining if files stdio.h;stddef.h;sys/types.h;inttypes.h;dlfcn.h;fcntl.h;malloc.h;memory.h;netdb.h;limits.h;sys/socket.h;netinet/in.h;sys/select.h;stdint.h;stdlib.h;string.h;strings.h;sys/stat.h;sys/time.h;time.h;unistd.h;signal.h;errno.h;arpa/inet.h;arpa/nameser.h;ctype.h;dirent.h;float.h;math.h;ndir.h exist failed with the following output:
Change Dir: /home/snr/Support/Plus-build-codeblocks/vtk-bin/CMakeFiles/CMakeTmp

Run Build Command:/usr/bin/make "cmTryCompileExec2322809968/fast"
make[3]: Entering directory `/home/snr/Support/Plus-build-codeblocks/vtk-bin/CMakeFiles/CMakeTmp'
/usr/bin/make -f CMakeFiles/cmTryCompileExec2322809968.dir/build.make CMakeFiles/cmTryCompileExec2322809968.dir/build
make[4]: Entering directory `/home/snr/Support/Plus-build-codeblocks/vtk-bin/CMakeFiles/CMakeTmp'
/usr/bin/cmake -E cmake_progress_report /home/snr/Support/Plus-build-codeblocks/vtk-bin/CMakeFiles/CMakeTmp/CMakeFiles 1
Building C object CMakeFiles/cmTryCompileExec2322809968.dir/CheckIncludeFiles.c.o
/usr/bin/cc  -D_GNU_SOURCE -w -w    -o CMakeFiles/cmTryCompileExec2322809968.dir/CheckIncludeFiles.c.o   -c /home/snr/Support/Plus-build-codeblocks/vtk-bin/CMakeFiles/CMakeTmp/CheckIncludeFiles.c
/home/snr/Support/Plus-build-codeblocks/vtk-bin/CMakeFiles/CMakeTmp/CheckIncludeFiles.c:31:18: fatal error: ndir.h: No such file or directory
 #include <ndir.h>
                  ^
compilation terminated.
make[4]: *** [CMakeFiles/cmTryCompileExec2322809968.dir/CheckIncludeFiles.c.o] Error 1
make[4]: Leaving directory `/home/snr/Support/Plus-build-codeblocks/vtk-bin/CMakeFiles/CMakeTmp'
make[3]: *** [cmTryCompileExec2322809968/fast] Error 2
make[3]: Leaving directory `/home/snr/Support/Plus-build-codeblocks/vtk-bin/CMakeFiles/CMakeTmp'

Source:
/* */
#include <stdio.h>
#include <stddef.h>
#include <sys/types.h>
#include <inttypes.h>
#include <dlfcn.h>
#include <fcntl.h>
#include <malloc.h>
#include <memory.h>
#include <netdb.h>
#include <limits.h>
#include <sys/socket.h>
#include <netinet/in.h>
#include <sys/select.h>
#include <stdint.h>
#include <stdlib.h>
#include <string.h>
#include <strings.h>
#include <sys/stat.h>
#include <sys/time.h>
#include <time.h>
#include <unistd.h>
#include <signal.h>
#include <errno.h>
#include <arpa/inet.h>
#include <arpa/nameser.h>
#include <ctype.h>
#include <dirent.h>
#include <float.h>
#include <math.h>
#include <ndir.h>


int main(){return 0;}

Determining if the fpclass exist failed with the following output:
Change Dir: /home/snr/Support/Plus-build-codeblocks/vtk-bin/CMakeFiles/CMakeTmp

Run Build Command:/usr/bin/make "cmTryCompileExec1788947891/fast"
make[3]: Entering directory `/home/snr/Support/Plus-build-codeblocks/vtk-bin/CMakeFiles/CMakeTmp'
/usr/bin/make -f CMakeFiles/cmTryCompileExec1788947891.dir/build.make CMakeFiles/cmTryCompileExec1788947891.dir/build
make[4]: Entering directory `/home/snr/Support/Plus-build-codeblocks/vtk-bin/CMakeFiles/CMakeTmp'
/usr/bin/cmake -E cmake_progress_report /home/snr/Support/Plus-build-codeblocks/vtk-bin/CMakeFiles/CMakeTmp/CMakeFiles 1
Building C object CMakeFiles/cmTryCompileExec1788947891.dir/CheckSymbolExists.c.o
/usr/bin/cc  -D_GNU_SOURCE -w -w    -o CMakeFiles/cmTryCompileExec1788947891.dir/CheckSymbolExists.c.o   -c /home/snr/Support/Plus-build-codeblocks/vtk-bin/CMakeFiles/CMakeTmp/CheckSymbolExists.c
/home/snr/Support/Plus-build-codeblocks/vtk-bin/CMakeFiles/CMakeTmp/CheckSymbolExists.c: In function ‘main’:
/home/snr/Support/Plus-build-codeblocks/vtk-bin/CMakeFiles/CMakeTmp/CheckSymbolExists.c:41:19: error: ‘fpclass’ undeclared (first use in this function)
   return ((int*)(&fpclass))[argc];
                   ^
/home/snr/Support/Plus-build-codeblocks/vtk-bin/CMakeFiles/CMakeTmp/CheckSymbolExists.c:41:19: note: each undeclared identifier is reported only once for each function it appears in
make[4]: *** [CMakeFiles/cmTryCompileExec1788947891.dir/CheckSymbolExists.c.o] Error 1
make[4]: Leaving directory `/home/snr/Support/Plus-build-codeblocks/vtk-bin/CMakeFiles/CMakeTmp'
make[3]: *** [cmTryCompileExec1788947891/fast] Error 2
make[3]: Leaving directory `/home/snr/Support/Plus-build-codeblocks/vtk-bin/CMakeFiles/CMakeTmp'

File /home/snr/Support/Plus-build-codeblocks/vtk-bin/CMakeFiles/CMakeTmp/CheckSymbolExists.c:
/* */
#include <stdio.h>
#include <stddef.h>
#include <sys/types.h>
#include <inttypes.h>
#include <dlfcn.h>
#include <fcntl.h>
#include <malloc.h>
#include <memory.h>
#include <netdb.h>
#include <limits.h>
#include <sys/socket.h>
#include <netinet/in.h>
#include <sys/select.h>
#include <stdint.h>
#include <stdlib.h>
#include <string.h>
#include <strings.h>
#include <sys/stat.h>
#include <sys/time.h>
#include <time.h>
#include <unistd.h>
#include <signal.h>
#include <errno.h>
#include <arpa/inet.h>
#include <arpa/nameser.h>
#include <ctype.h>
#include <dirent.h>
#include <float.h>
#include <math.h>
#include <pthread.h>
#include <resolv.h>
#include <stdarg.h>
#include <sys/mman.h>
#include <sys/timeb.h>

int main(int argc, char** argv)
{
  (void)argv;
#ifndef fpclass
  return ((int*)(&fpclass))[argc];
#else
  (void)argc;
  return 0;
#endif
}

Determining if the fp_class exist failed with the following output:
Change Dir: /home/snr/Support/Plus-build-codeblocks/vtk-bin/CMakeFiles/CMakeTmp

Run Build Command:/usr/bin/make "cmTryCompileExec298713811/fast"
make[3]: Entering directory `/home/snr/Support/Plus-build-codeblocks/vtk-bin/CMakeFiles/CMakeTmp'
/usr/bin/make -f CMakeFiles/cmTryCompileExec298713811.dir/build.make CMakeFiles/cmTryCompileExec298713811.dir/build
make[4]: Entering directory `/home/snr/Support/Plus-build-codeblocks/vtk-bin/CMakeFiles/CMakeTmp'
/usr/bin/cmake -E cmake_progress_report /home/snr/Support/Plus-build-codeblocks/vtk-bin/CMakeFiles/CMakeTmp/CMakeFiles 1
Building C object CMakeFiles/cmTryCompileExec298713811.dir/CheckSymbolExists.c.o
/usr/bin/cc  -D_GNU_SOURCE -w -w    -o CMakeFiles/cmTryCompileExec298713811.dir/CheckSymbolExists.c.o   -c /home/snr/Support/Plus-build-codeblocks/vtk-bin/CMakeFiles/CMakeTmp/CheckSymbolExists.c
/home/snr/Support/Plus-build-codeblocks/vtk-bin/CMakeFiles/CMakeTmp/CheckSymbolExists.c: In function ‘main’:
/home/snr/Support/Plus-build-codeblocks/vtk-bin/CMakeFiles/CMakeTmp/CheckSymbolExists.c:41:19: error: ‘fp_class’ undeclared (first use in this function)
   return ((int*)(&fp_class))[argc];
                   ^
/home/snr/Support/Plus-build-codeblocks/vtk-bin/CMakeFiles/CMakeTmp/CheckSymbolExists.c:41:19: note: each undeclared identifier is reported only once for each function it appears in
make[4]: Leaving directory `/home/snr/Support/Plus-build-codeblocks/vtk-bin/CMakeFiles/CMakeTmp'
make[4]: *** [CMakeFiles/cmTryCompileExec298713811.dir/CheckSymbolExists.c.o] Error 1
make[3]: *** [cmTryCompileExec298713811/fast] Error 2
make[3]: Leaving directory `/home/snr/Support/Plus-build-codeblocks/vtk-bin/CMakeFiles/CMakeTmp'

File /home/snr/Support/Plus-build-codeblocks/vtk-bin/CMakeFiles/CMakeTmp/CheckSymbolExists.c:
/* */
#include <stdio.h>
#include <stddef.h>
#include <sys/types.h>
#include <inttypes.h>
#include <dlfcn.h>
#include <fcntl.h>
#include <malloc.h>
#include <memory.h>
#include <netdb.h>
#include <limits.h>
#include <sys/socket.h>
#include <netinet/in.h>
#include <sys/select.h>
#include <stdint.h>
#include <stdlib.h>
#include <string.h>
#include <strings.h>
#include <sys/stat.h>
#include <sys/time.h>
#include <time.h>
#include <unistd.h>
#include <signal.h>
#include <errno.h>
#include <arpa/inet.h>
#include <arpa/nameser.h>
#include <ctype.h>
#include <dirent.h>
#include <float.h>
#include <math.h>
#include <pthread.h>
#include <resolv.h>
#include <stdarg.h>
#include <sys/mman.h>
#include <sys/timeb.h>

int main(int argc, char** argv)
{
  (void)argv;
#ifndef fp_class
  return ((int*)(&fp_class))[argc];
#else
  (void)argc;
  return 0;
#endif
}

Determining if the _stat exist failed with the following output:
Change Dir: /home/snr/Support/Plus-build-codeblocks/vtk-bin/CMakeFiles/CMakeTmp

Run Build Command:/usr/bin/make "cmTryCompileExec3906145133/fast"
make[3]: Entering directory `/home/snr/Support/Plus-build-codeblocks/vtk-bin/CMakeFiles/CMakeTmp'
/usr/bin/make -f CMakeFiles/cmTryCompileExec3906145133.dir/build.make CMakeFiles/cmTryCompileExec3906145133.dir/build
make[4]: Entering directory `/home/snr/Support/Plus-build-codeblocks/vtk-bin/CMakeFiles/CMakeTmp'
/usr/bin/cmake -E cmake_progress_report /home/snr/Support/Plus-build-codeblocks/vtk-bin/CMakeFiles/CMakeTmp/CMakeFiles 1
Building C object CMakeFiles/cmTryCompileExec3906145133.dir/CheckSymbolExists.c.o
/usr/bin/cc  -D_GNU_SOURCE -w -w    -o CMakeFiles/cmTryCompileExec3906145133.dir/CheckSymbolExists.c.o   -c /home/snr/Support/Plus-build-codeblocks/vtk-bin/CMakeFiles/CMakeTmp/CheckSymbolExists.c
/home/snr/Support/Plus-build-codeblocks/vtk-bin/CMakeFiles/CMakeTmp/CheckSymbolExists.c: In function ‘main’:
/home/snr/Support/Plus-build-codeblocks/vtk-bin/CMakeFiles/CMakeTmp/CheckSymbolExists.c:41:19: error: ‘_stat’ undeclared (first use in this function)
   return ((int*)(&_stat))[argc];
                   ^
/home/snr/Support/Plus-build-codeblocks/vtk-bin/CMakeFiles/CMakeTmp/CheckSymbolExists.c:41:19: note: each undeclared identifier is reported only once for each function it appears in
make[4]: *** [CMakeFiles/cmTryCompileExec3906145133.dir/CheckSymbolExists.c.o] Error 1
make[4]: Leaving directory `/home/snr/Support/Plus-build-codeblocks/vtk-bin/CMakeFiles/CMakeTmp'
make[3]: Leaving directory `/home/snr/Support/Plus-build-codeblocks/vtk-bin/CMakeFiles/CMakeTmp'
make[3]: *** [cmTryCompileExec3906145133/fast] Error 2

File /home/snr/Support/Plus-build-codeblocks/vtk-bin/CMakeFiles/CMakeTmp/CheckSymbolExists.c:
/* */
#include <stdio.h>
#include <stddef.h>
#include <sys/types.h>
#include <inttypes.h>
#include <dlfcn.h>
#include <fcntl.h>
#include <malloc.h>
#include <memory.h>
#include <netdb.h>
#include <limits.h>
#include <sys/socket.h>
#include <netinet/in.h>
#include <sys/select.h>
#include <stdint.h>
#include <stdlib.h>
#include <string.h>
#include <strings.h>
#include <sys/stat.h>
#include <sys/time.h>
#include <time.h>
#include <unistd.h>
#include <signal.h>
#include <errno.h>
#include <arpa/inet.h>
#include <arpa/nameser.h>
#include <ctype.h>
#include <dirent.h>
#include <float.h>
#include <math.h>
#include <pthread.h>
#include <resolv.h>
#include <stdarg.h>
#include <sys/mman.h>
#include <sys/timeb.h>

int main(int argc, char** argv)
{
  (void)argv;
#ifndef _stat
  return ((int*)(&_stat))[argc];
#else
  (void)argc;
  return 0;
#endif
}

Checking for DIR in sys/ndir.h failed to compile with the following output:
Change Dir: /home/snr/Support/Plus-build-codeblocks/vtk-bin/ThirdParty/libxml2/vtklibxml2/CMakeFiles/CMakeTmp

Run Build Command:/usr/bin/make "cmTryCompileExec4201213329/fast"
make[3]: Entering directory `/home/snr/Support/Plus-build-codeblocks/vtk-bin/ThirdParty/libxml2/vtklibxml2/CMakeFiles/CMakeTmp'
/usr/bin/make -f CMakeFiles/cmTryCompileExec4201213329.dir/build.make CMakeFiles/cmTryCompileExec4201213329.dir/build
make[4]: Entering directory `/home/snr/Support/Plus-build-codeblocks/vtk-bin/ThirdParty/libxml2/vtklibxml2/CMakeFiles/CMakeTmp'
/usr/bin/cmake -E cmake_progress_report /home/snr/Support/Plus-build-codeblocks/vtk-bin/ThirdParty/libxml2/vtklibxml2/CMakeFiles/CMakeTmp/CMakeFiles 1
Building C object CMakeFiles/cmTryCompileExec4201213329.dir/platformTestsC.c.o
/usr/bin/cc  -DTEST_HAVE_SYS_NDIR_H -w -w    -o CMakeFiles/cmTryCompileExec4201213329.dir/platformTestsC.c.o   -c /home/snr/Support/Plus-build-codeblocks/vtk/ThirdParty/libxml2/vtklibxml2/platformTestsC.c
/home/snr/Support/Plus-build-codeblocks/vtk/ThirdParty/libxml2/vtklibxml2/platformTestsC.c:82:22: fatal error: sys/ndir.h: No such file or directory
 #include <sys/ndir.h>
                      ^
compilation terminated.
make[4]: *** [CMakeFiles/cmTryCompileExec4201213329.dir/platformTestsC.c.o] Error 1
make[4]: Leaving directory `/home/snr/Support/Plus-build-codeblocks/vtk-bin/ThirdParty/libxml2/vtklibxml2/CMakeFiles/CMakeTmp'
make[3]: *** [cmTryCompileExec4201213329/fast] Error 2
make[3]: Leaving directory `/home/snr/Support/Plus-build-codeblocks/vtk-bin/ThirdParty/libxml2/vtklibxml2/CMakeFiles/CMakeTmp'


