Determining if the Q_WS_WIN exist failed with the following output:
Change Dir: /home/snr/Support/Plus-build-codeblocks/CMakeFiles/CMakeTmp

Run Build Command:/usr/bin/make "cmTryCompileExec3645418563/fast"
/usr/bin/make -f CMakeFiles/cmTryCompileExec3645418563.dir/build.make CMakeFiles/cmTryCompileExec3645418563.dir/build
make[1]: Entering directory `/home/snr/Support/Plus-build-codeblocks/CMakeFiles/CMakeTmp'
/usr/bin/cmake -E cmake_progress_report /home/snr/Support/Plus-build-codeblocks/CMakeFiles/CMakeTmp/CMakeFiles 1
Building CXX object CMakeFiles/cmTryCompileExec3645418563.dir/CheckSymbolExists.cxx.o
/usr/bin/c++    -I/usr/include/qt4    -o CMakeFiles/cmTryCompileExec3645418563.dir/CheckSymbolExists.cxx.o -c /home/snr/Support/Plus-build-codeblocks/CMakeFiles/CMakeTmp/CheckSymbolExists.cxx
/home/snr/Support/Plus-build-codeblocks/CMakeFiles/CMakeTmp/CheckSymbolExists.cxx: In function ‘int main(int, char**)’:
/home/snr/Support/Plus-build-codeblocks/CMakeFiles/CMakeTmp/CheckSymbolExists.cxx:8:19: error: ‘Q_WS_WIN’ was not declared in this scope
   return ((int*)(&Q_WS_WIN))[argc];
                   ^
make[1]: *** [CMakeFiles/cmTryCompileExec3645418563.dir/CheckSymbolExists.cxx.o] Error 1
make[1]: Leaving directory `/home/snr/Support/Plus-build-codeblocks/CMakeFiles/CMakeTmp'
make: *** [cmTryCompileExec3645418563/fast] Error 2

File /home/snr/Support/Plus-build-codeblocks/CMakeFiles/CMakeTmp/CheckSymbolExists.cxx:
/* */
#include <QtCore/qglobal.h>

int main(int argc, char** argv)
{
  (void)argv;
#ifndef Q_WS_WIN
  return ((int*)(&Q_WS_WIN))[argc];
#else
  (void)argc;
  return 0;
#endif
}

Determining if the Q_WS_QWS exist failed with the following output:
Change Dir: /home/snr/Support/Plus-build-codeblocks/CMakeFiles/CMakeTmp

Run Build Command:/usr/bin/make "cmTryCompileExec392278994/fast"
/usr/bin/make -f CMakeFiles/cmTryCompileExec392278994.dir/build.make CMakeFiles/cmTryCompileExec392278994.dir/build
make[1]: Entering directory `/home/snr/Support/Plus-build-codeblocks/CMakeFiles/CMakeTmp'
/usr/bin/cmake -E cmake_progress_report /home/snr/Support/Plus-build-codeblocks/CMakeFiles/CMakeTmp/CMakeFiles 1
Building CXX object CMakeFiles/cmTryCompileExec392278994.dir/CheckSymbolExists.cxx.o
/usr/bin/c++    -I/usr/include/qt4    -o CMakeFiles/cmTryCompileExec392278994.dir/CheckSymbolExists.cxx.o -c /home/snr/Support/Plus-build-codeblocks/CMakeFiles/CMakeTmp/CheckSymbolExists.cxx
/home/snr/Support/Plus-build-codeblocks/CMakeFiles/CMakeTmp/CheckSymbolExists.cxx: In function ‘int main(int, char**)’:
/home/snr/Support/Plus-build-codeblocks/CMakeFiles/CMakeTmp/CheckSymbolExists.cxx:8:19: error: ‘Q_WS_QWS’ was not declared in this scope
   return ((int*)(&Q_WS_QWS))[argc];
                   ^
make[1]: *** [CMakeFiles/cmTryCompileExec392278994.dir/CheckSymbolExists.cxx.o] Error 1
make[1]: Leaving directory `/home/snr/Support/Plus-build-codeblocks/CMakeFiles/CMakeTmp'
make: *** [cmTryCompileExec392278994/fast] Error 2

File /home/snr/Support/Plus-build-codeblocks/CMakeFiles/CMakeTmp/CheckSymbolExists.cxx:
/* */
#include <QtCore/qglobal.h>

int main(int argc, char** argv)
{
  (void)argv;
#ifndef Q_WS_QWS
  return ((int*)(&Q_WS_QWS))[argc];
#else
  (void)argc;
  return 0;
#endif
}

Determining if the Q_WS_MAC exist failed with the following output:
Change Dir: /home/snr/Support/Plus-build-codeblocks/CMakeFiles/CMakeTmp

Run Build Command:/usr/bin/make "cmTryCompileExec67589071/fast"
/usr/bin/make -f CMakeFiles/cmTryCompileExec67589071.dir/build.make CMakeFiles/cmTryCompileExec67589071.dir/build
make[1]: Entering directory `/home/snr/Support/Plus-build-codeblocks/CMakeFiles/CMakeTmp'
/usr/bin/cmake -E cmake_progress_report /home/snr/Support/Plus-build-codeblocks/CMakeFiles/CMakeTmp/CMakeFiles 1
Building CXX object CMakeFiles/cmTryCompileExec67589071.dir/CheckSymbolExists.cxx.o
/usr/bin/c++    -I/usr/include/qt4    -o CMakeFiles/cmTryCompileExec67589071.dir/CheckSymbolExists.cxx.o -c /home/snr/Support/Plus-build-codeblocks/CMakeFiles/CMakeTmp/CheckSymbolExists.cxx
/home/snr/Support/Plus-build-codeblocks/CMakeFiles/CMakeTmp/CheckSymbolExists.cxx: In function ‘int main(int, char**)’:
/home/snr/Support/Plus-build-codeblocks/CMakeFiles/CMakeTmp/CheckSymbolExists.cxx:8:19: error: ‘Q_WS_MAC’ was not declared in this scope
   return ((int*)(&Q_WS_MAC))[argc];
                   ^
make[1]: Leaving directory `/home/snr/Support/Plus-build-codeblocks/CMakeFiles/CMakeTmp'
make[1]: *** [CMakeFiles/cmTryCompileExec67589071.dir/CheckSymbolExists.cxx.o] Error 1
make: *** [cmTryCompileExec67589071/fast] Error 2

File /home/snr/Support/Plus-build-codeblocks/CMakeFiles/CMakeTmp/CheckSymbolExists.cxx:
/* */
#include <QtCore/qglobal.h>

int main(int argc, char** argv)
{
  (void)argv;
#ifndef Q_WS_MAC
  return ((int*)(&Q_WS_MAC))[argc];
#else
  (void)argc;
  return 0;
#endif
}

